# JRE version: OpenJDK Runtime Environment Temurin-17.0.2+8 (17.0.2+8) (build 17.0.2+8)
# Java VM: OpenJDK 64-Bit Server VM Temurin-17.0.2+8 (17.0.2+8, mixed mode, tiered, compressed oops, compressed class ptrs, g1 gc, windows-amd64)
GC Precious Log:
 CPUs: 4 total, 4 available
 Memory: 4007M
 Large Page Support: Disabled
 NUMA Support: Disabled
 Compressed Oops: Enabled (32-bit)
 Heap Region Size: 1M
 Heap Min Capacity: 8M
 Heap Initial Capacity: 64M
 Heap Max Capacity: 1002M
 Pre-touch: Disabled
 Parallel Workers: 4
 Concurrent Workers: 1
 Concurrent Refinement Workers: 4
 Periodic GC: Disabled
Heap:
 garbage-first heap   total 45056K, used 27865K [0x00000000c1600000, 0x0000000100000000)
  region size 1024K, 7 young (7168K), 2 survivors (2048K)
 Metaspace       used 51118K, committed 51520K, reserved 1097728K
  class space    used 6606K, committed 6784K, reserved 1048576K
GC Heap History (20 events):
Event: 13.231 GC heap before
{Heap before GC invocations=11 (full 0):
 garbage-first heap   total 37888K, used 27327K [0x00000000c1600000, 0x0000000100000000)
  region size 1024K, 14 young (14336K), 2 survivors (2048K)
 Metaspace       used 35506K, committed 35840K, reserved 1081344K
  class space    used 4460K, committed 4608K, reserved 1048576K
}
Event: 13.240 GC heap after
{Heap after GC invocations=12 (full 0):
 garbage-first heap   total 37888K, used 16245K [0x00000000c1600000, 0x0000000100000000)
  region size 1024K, 2 young (2048K), 2 survivors (2048K)
 Metaspace       used 35506K, committed 35840K, reserved 1081344K
  class space    used 4460K, committed 4608K, reserved 1048576K
}
Event: 13.347 GC heap before
{Heap before GC invocations=12 (full 0):
 garbage-first heap   total 37888K, used 18293K [0x00000000c1600000, 0x0000000100000000)
  region size 1024K, 5 young (5120K), 2 survivors (2048K)
 Metaspace       used 35881K, committed 36096K, reserved 1081344K
  class space    used 4520K, committed 4608K, reserved 1048576K
}
Event: 13.352 GC heap after
{Heap after GC invocations=13 (full 0):
 garbage-first heap   total 37888K, used 16398K [0x00000000c1600000, 0x0000000100000000)
  region size 1024K, 1 young (1024K), 1 survivors (1024K)
 Metaspace       used 35881K, committed 36096K, reserved 1081344K
  class space    used 4520K, committed 4608K, reserved 1048576K
}
Event: 14.047 GC heap before
{Heap before GC invocations=14 (full 0):
 garbage-first heap   total 37888K, used 27662K [0x00000000c1600000, 0x0000000100000000)
  region size 1024K, 13 young (13312K), 1 survivors (1024K)
 Metaspace       used 37114K, committed 37440K, reserved 1081344K
  class space    used 4649K, committed 4800K, reserved 1048576K
}
Event: 14.051 GC heap after
{Heap after GC invocations=15 (full 0):
 garbage-first heap   total 37888K, used 16885K [0x00000000c1600000, 0x0000000100000000)
  region size 1024K, 1 young (1024K), 1 survivors (1024K)
 Metaspace       used 37114K, committed 37440K, reserved 1081344K
  class space    used 4649K, committed 4800K, reserved 1048576K
}
Event: 15.223 GC heap before
{Heap before GC invocations=15 (full 0):
 garbage-first heap   total 37888K, used 29173K [0x00000000c1600000, 0x0000000100000000)
  region size 1024K, 13 young (13312K), 1 survivors (1024K)
 Metaspace       used 38829K, committed 39104K, reserved 1089536K
  class space    used 4930K, committed 5056K, reserved 1048576K
}
Event: 15.231 GC heap after
{Heap after GC invocations=16 (full 0):
 garbage-first heap   total 37888K, used 17741K [0x00000000c1600000, 0x0000000100000000)
  region size 1024K, 2 young (2048K), 2 survivors (2048K)
 Metaspace       used 38829K, committed 39104K, reserved 1089536K
  class space    used 4930K, committed 5056K, reserved 1048576K
}
Event: 16.030 GC heap before
{Heap before GC invocations=16 (full 0):
 garbage-first heap   total 37888K, used 30029K [0x00000000c1600000, 0x0000000100000000)
  region size 1024K, 14 young (14336K), 2 survivors (2048K)
 Metaspace       used 40537K, committed 40896K, reserved 1089536K
  class space    used 5173K, committed 5312K, reserved 1048576K
}
Event: 16.040 GC heap after
{Heap after GC invocations=17 (full 0):
 garbage-first heap   total 37888K, used 18767K [0x00000000c1600000, 0x0000000100000000)
  region size 1024K, 2 young (2048K), 2 survivors (2048K)
 Metaspace       used 40537K, committed 40896K, reserved 1089536K
  class space    used 5173K, committed 5312K, reserved 1048576K
}
Event: 17.659 GC heap before
{Heap before GC invocations=17 (full 0):
 garbage-first heap   total 37888K, used 30031K [0x00000000c1600000, 0x0000000100000000)
  region size 1024K, 13 young (13312K), 2 survivors (2048K)
 Metaspace       used 42781K, committed 43136K, reserved 1089536K
  class space    used 5486K, committed 5632K, reserved 1048576K
}
Event: 17.674 GC heap after
{Heap after GC invocations=18 (full 0):
 garbage-first heap   total 37888K, used 19796K [0x00000000c1600000, 0x0000000100000000)
  region size 1024K, 2 young (2048K), 2 survivors (2048K)
 Metaspace       used 42781K, committed 43136K, reserved 1089536K
  class space    used 5486K, committed 5632K, reserved 1048576K
}
Event: 18.326 GC heap before
{Heap before GC invocations=19 (full 0):
 garbage-first heap   total 37888K, used 30036K [0x00000000c1600000, 0x0000000100000000)
  region size 1024K, 12 young (12288K), 2 survivors (2048K)
 Metaspace       used 45120K, committed 45504K, reserved 1089536K
  class space    used 5776K, committed 5952K, reserved 1048576K
}
Event: 18.343 GC heap after
{Heap after GC invocations=20 (full 0):
 garbage-first heap   total 37888K, used 22157K [0x00000000c1600000, 0x0000000100000000)
  region size 1024K, 2 young (2048K), 2 survivors (2048K)
 Metaspace       used 45120K, committed 45504K, reserved 1089536K
  class space    used 5776K, committed 5952K, reserved 1048576K
}
Event: 18.712 GC heap before
{Heap before GC invocations=20 (full 0):
 garbage-first heap   total 37888K, used 29325K [0x00000000c1600000, 0x0000000100000000)
  region size 1024K, 9 young (9216K), 2 survivors (2048K)
 Metaspace       used 46498K, committed 46912K, reserved 1089536K
  class space    used 5988K, committed 6208K, reserved 1048576K
}
Event: 18.720 GC heap after
{Heap after GC invocations=21 (full 0):
 garbage-first heap   total 37888K, used 23024K [0x00000000c1600000, 0x0000000100000000)
  region size 1024K, 1 young (1024K), 1 survivors (1024K)
 Metaspace       used 46498K, committed 46912K, reserved 1089536K
  class space    used 5988K, committed 6208K, reserved 1048576K
}
Event: 19.406 GC heap before
{Heap before GC invocations=22 (full 0):
 garbage-first heap   total 43008K, used 28144K [0x00000000c1600000, 0x0000000100000000)
  region size 1024K, 7 young (7168K), 1 survivors (1024K)
 Metaspace       used 48148K, committed 48512K, reserved 1097728K
  class space    used 6207K, committed 6400K, reserved 1048576K
}
Event: 19.413 GC heap after
{Heap after GC invocations=23 (full 0):
 garbage-first heap   total 43008K, used 24089K [0x00000000c1600000, 0x0000000100000000)
  region size 1024K, 1 young (1024K), 1 survivors (1024K)
 Metaspace       used 48148K, committed 48512K, reserved 1097728K
  class space    used 6207K, committed 6400K, reserved 1048576K
}
Event: 20.995 GC heap before
{Heap before GC invocations=23 (full 0):
 garbage-first heap   total 43008K, used 33305K [0x00000000c1600000, 0x0000000100000000)
  region size 1024K, 10 young (10240K), 1 survivors (1024K)
 Metaspace       used 50275K, committed 50624K, reserved 1097728K
  class space    used 6501K, committed 6656K, reserved 1048576K
}
Event: 21.003 GC heap after
{Heap after GC invocations=24 (full 0):
 garbage-first heap   total 43008K, used 24793K [0x00000000c1600000, 0x0000000100000000)
  region size 1024K, 2 young (2048K), 2 survivors (2048K)
 Metaspace       used 50275K, committed 50624K, reserved 1097728K
  class space    used 6501K, committed 6656K, reserved 1048576K
}

