# JRE version: OpenJDK Runtime Environment Temurin-17.0.2+8 (17.0.2+8) (build 17.0.2+8)
# Java VM: OpenJDK 64-Bit Server VM Temurin-17.0.2+8 (17.0.2+8, mixed mode, emulated-client, tiered, compressed oops, compressed class ptrs, g1 gc, windows-amd64)
GC Precious Log:
 CPUs: 4 total, 4 available
 Memory: 4007M
 Large Page Support: Disabled
 NUMA Support: Disabled
 Compressed Oops: Enabled (32-bit)
 Heap Region Size: 1M
 Heap Min Capacity: 8M
 Heap Initial Capacity: 64M
 Heap Max Capacity: 1002M
 Pre-touch: Disabled
 Parallel Workers: 4
 Concurrent Workers: 1
 Concurrent Refinement Workers: 4
 Periodic GC: Disabled
Heap:
 garbage-first heap   total 34816K, used 10024K [0x00000000c1600000, 0x0000000100000000)
  region size 1024K, 1 young (1024K), 0 survivors (0K)
 Metaspace       used 28858K, committed 29248K, reserved 1081344K
  class space    used 3864K, committed 4032K, reserved 1048576K
GC Heap History (20 events):
Event: 201.717 GC heap before
{Heap before GC invocations=13 (full 6):
 garbage-first heap   total 37888K, used 10024K [0x00000000c1600000, 0x0000000100000000)
  region size 1024K, 1 young (1024K), 0 survivors (0K)
 Metaspace       used 28858K, committed 29248K, reserved 1081344K
  class space    used 3864K, committed 4032K, reserved 1048576K
}
Event: 201.744 GC heap after
{Heap after GC invocations=14 (full 7):
 garbage-first heap   total 37888K, used 10024K [0x00000000c1600000, 0x0000000100000000)
  region size 1024K, 0 young (0K), 0 survivors (0K)
 Metaspace       used 28858K, committed 29248K, reserved 1081344K
  class space    used 3864K, committed 4032K, reserved 1048576K
}
Event: 214.910 GC heap before
{Heap before GC invocations=14 (full 7):
 garbage-first heap   total 37888K, used 10024K [0x00000000c1600000, 0x0000000100000000)
  region size 1024K, 1 young (1024K), 0 survivors (0K)
 Metaspace       used 28858K, committed 29248K, reserved 1081344K
  class space    used 3864K, committed 4032K, reserved 1048576K
}
Event: 214.937 GC heap after
{Heap after GC invocations=15 (full 8):
 garbage-first heap   total 37888K, used 10024K [0x00000000c1600000, 0x0000000100000000)
  region size 1024K, 0 young (0K), 0 survivors (0K)
 Metaspace       used 28858K, committed 29248K, reserved 1081344K
  class space    used 3864K, committed 4032K, reserved 1048576K
}
Event: 226.152 GC heap before
{Heap before GC invocations=15 (full 8):
 garbage-first heap   total 37888K, used 10024K [0x00000000c1600000, 0x0000000100000000)
  region size 1024K, 1 young (1024K), 0 survivors (0K)
 Metaspace       used 28858K, committed 29248K, reserved 1081344K
  class space    used 3864K, committed 4032K, reserved 1048576K
}
Event: 226.178 GC heap after
{Heap after GC invocations=16 (full 9):
 garbage-first heap   total 37888K, used 10024K [0x00000000c1600000, 0x0000000100000000)
  region size 1024K, 0 young (0K), 0 survivors (0K)
 Metaspace       used 28858K, committed 29248K, reserved 1081344K
  class space    used 3864K, committed 4032K, reserved 1048576K
}
Event: 237.003 GC heap before
{Heap before GC invocations=16 (full 9):
 garbage-first heap   total 37888K, used 10024K [0x00000000c1600000, 0x0000000100000000)
  region size 1024K, 1 young (1024K), 0 survivors (0K)
 Metaspace       used 28858K, committed 29248K, reserved 1081344K
  class space    used 3864K, committed 4032K, reserved 1048576K
}
Event: 237.046 GC heap after
{Heap after GC invocations=17 (full 10):
 garbage-first heap   total 37888K, used 10024K [0x00000000c1600000, 0x0000000100000000)
  region size 1024K, 0 young (0K), 0 survivors (0K)
 Metaspace       used 28858K, committed 29248K, reserved 1081344K
  class space    used 3864K, committed 4032K, reserved 1048576K
}
Event: 248.932 GC heap before
{Heap before GC invocations=17 (full 10):
 garbage-first heap   total 37888K, used 10024K [0x00000000c1600000, 0x0000000100000000)
  region size 1024K, 1 young (1024K), 0 survivors (0K)
 Metaspace       used 28858K, committed 29248K, reserved 1081344K
  class space    used 3864K, committed 4032K, reserved 1048576K
}
Event: 248.961 GC heap after
{Heap after GC invocations=18 (full 11):
 garbage-first heap   total 37888K, used 10024K [0x00000000c1600000, 0x0000000100000000)
  region size 1024K, 0 young (0K), 0 survivors (0K)
 Metaspace       used 28858K, committed 29248K, reserved 1081344K
  class space    used 3864K, committed 4032K, reserved 1048576K
}
Event: 262.202 GC heap before
{Heap before GC invocations=18 (full 11):
 garbage-first heap   total 37888K, used 10024K [0x00000000c1600000, 0x0000000100000000)
  region size 1024K, 1 young (1024K), 0 survivors (0K)
 Metaspace       used 28858K, committed 29248K, reserved 1081344K
  class space    used 3864K, committed 4032K, reserved 1048576K
}
Event: 262.228 GC heap after
{Heap after GC invocations=19 (full 12):
 garbage-first heap   total 37888K, used 10024K [0x00000000c1600000, 0x0000000100000000)
  region size 1024K, 0 young (0K), 0 survivors (0K)
 Metaspace       used 28858K, committed 29248K, reserved 1081344K
  class space    used 3864K, committed 4032K, reserved 1048576K
}
Event: 273.075 GC heap before
{Heap before GC invocations=19 (full 12):
 garbage-first heap   total 37888K, used 10024K [0x00000000c1600000, 0x0000000100000000)
  region size 1024K, 1 young (1024K), 0 survivors (0K)
 Metaspace       used 28858K, committed 29248K, reserved 1081344K
  class space    used 3864K, committed 4032K, reserved 1048576K
}
Event: 273.108 GC heap after
{Heap after GC invocations=20 (full 13):
 garbage-first heap   total 34816K, used 10024K [0x00000000c1600000, 0x0000000100000000)
  region size 1024K, 0 young (0K), 0 survivors (0K)
 Metaspace       used 28858K, committed 29248K, reserved 1081344K
  class space    used 3864K, committed 4032K, reserved 1048576K
}
Event: 285.214 GC heap before
{Heap before GC invocations=20 (full 13):
 garbage-first heap   total 34816K, used 10024K [0x00000000c1600000, 0x0000000100000000)
  region size 1024K, 1 young (1024K), 0 survivors (0K)
 Metaspace       used 28858K, committed 29248K, reserved 1081344K
  class space    used 3864K, committed 4032K, reserved 1048576K
}
Event: 285.241 GC heap after
{Heap after GC invocations=21 (full 14):
 garbage-first heap   total 34816K, used 10024K [0x00000000c1600000, 0x0000000100000000)
  region size 1024K, 0 young (0K), 0 survivors (0K)
 Metaspace       used 28858K, committed 29248K, reserved 1081344K
  class space    used 3864K, committed 4032K, reserved 1048576K
}
Event: 296.853 GC heap before
{Heap before GC invocations=21 (full 14):
 garbage-first heap   total 34816K, used 10024K [0x00000000c1600000, 0x0000000100000000)
  region size 1024K, 1 young (1024K), 0 survivors (0K)
 Metaspace       used 28858K, committed 29248K, reserved 1081344K
  class space    used 3864K, committed 4032K, reserved 1048576K
}
Event: 296.892 GC heap after
{Heap after GC invocations=22 (full 15):
 garbage-first heap   total 34816K, used 10024K [0x00000000c1600000, 0x0000000100000000)
  region size 1024K, 0 young (0K), 0 survivors (0K)
 Metaspace       used 28858K, committed 29248K, reserved 1081344K
  class space    used 3864K, committed 4032K, reserved 1048576K
}
Event: 308.028 GC heap before
{Heap before GC invocations=22 (full 15):
 garbage-first heap   total 34816K, used 10024K [0x00000000c1600000, 0x0000000100000000)
  region size 1024K, 1 young (1024K), 0 survivors (0K)
 Metaspace       used 28858K, committed 29248K, reserved 1081344K
  class space    used 3864K, committed 4032K, reserved 1048576K
}
Event: 308.068 GC heap after
{Heap after GC invocations=23 (full 16):
 garbage-first heap   total 34816K, used 10024K [0x00000000c1600000, 0x0000000100000000)
  region size 1024K, 0 young (0K), 0 survivors (0K)
 Metaspace       used 28858K, committed 29248K, reserved 1081344K
  class space    used 3864K, committed 4032K, reserved 1048576K
}

