# JRE version: OpenJDK Runtime Environment Temurin-17.0.2+8 (17.0.2+8) (build 17.0.2+8)
# Java VM: OpenJDK 64-Bit Server VM Temurin-17.0.2+8 (17.0.2+8, mixed mode, emulated-client, tiered, compressed oops, compressed class ptrs, g1 gc, windows-amd64)
GC Precious Log:
 CPUs: 4 total, 4 available
 Memory: 4007M
 Large Page Support: Disabled
 NUMA Support: Disabled
 Compressed Oops: Enabled (32-bit)
 Heap Region Size: 1M
 Heap Min Capacity: 8M
 Heap Initial Capacity: 64M
 Heap Max Capacity: 1002M
 Pre-touch: Disabled
 Parallel Workers: 4
 Concurrent Workers: 1
 Concurrent Refinement Workers: 4
 Periodic GC: Disabled
Heap:
 garbage-first heap   total 40960K, used 18923K [0x00000000c1600000, 0x0000000100000000)
  region size 1024K, 8 young (8192K), 2 survivors (2048K)
 Metaspace       used 28870K, committed 29120K, reserved 1081344K
  class space    used 3867K, committed 3968K, reserved 1048576K
GC Heap History (12 events):
Event: 6.074 GC heap before
{Heap before GC invocations=0 (full 0):
 garbage-first heap   total 65536K, used 13312K [0x00000000c1600000, 0x0000000100000000)
  region size 1024K, 13 young (13312K), 0 survivors (0K)
 Metaspace       used 8396K, committed 8576K, reserved 1064960K
  class space    used 938K, committed 1024K, reserved 1048576K
}
Event: 6.309 GC heap after
{Heap after GC invocations=1 (full 0):
 garbage-first heap   total 65536K, used 4388K [0x00000000c1600000, 0x0000000100000000)
  region size 1024K, 2 young (2048K), 2 survivors (2048K)
 Metaspace       used 8396K, committed 8576K, reserved 1064960K
  class space    used 938K, committed 1024K, reserved 1048576K
}
Event: 8.646 GC heap before
{Heap before GC invocations=1 (full 0):
 garbage-first heap   total 65536K, used 16676K [0x00000000c1600000, 0x0000000100000000)
  region size 1024K, 14 young (14336K), 2 survivors (2048K)
 Metaspace       used 13437K, committed 13632K, reserved 1064960K
  class space    used 1582K, committed 1664K, reserved 1048576K
}
Event: 8.657 GC heap after
{Heap after GC invocations=2 (full 0):
 garbage-first heap   total 65536K, used 6361K [0x00000000c1600000, 0x0000000100000000)
  region size 1024K, 2 young (2048K), 2 survivors (2048K)
 Metaspace       used 13437K, committed 13632K, reserved 1064960K
  class space    used 1582K, committed 1664K, reserved 1048576K
}
Event: 11.487 GC heap before
{Heap before GC invocations=2 (full 0):
 garbage-first heap   total 65536K, used 25817K [0x00000000c1600000, 0x0000000100000000)
  region size 1024K, 21 young (21504K), 2 survivors (2048K)
 Metaspace       used 19034K, committed 19264K, reserved 1073152K
  class space    used 2369K, committed 2496K, reserved 1048576K
}
Event: 11.504 GC heap after
{Heap after GC invocations=3 (full 0):
 garbage-first heap   total 65536K, used 8504K [0x00000000c1600000, 0x0000000100000000)
  region size 1024K, 3 young (3072K), 3 survivors (3072K)
 Metaspace       used 19034K, committed 19264K, reserved 1073152K
  class space    used 2369K, committed 2496K, reserved 1048576K
}
Event: 22.672 GC heap before
{Heap before GC invocations=3 (full 0):
 garbage-first heap   total 65536K, used 23864K [0x00000000c1600000, 0x0000000100000000)
  region size 1024K, 19 young (19456K), 3 survivors (3072K)
 Metaspace       used 21337K, committed 21504K, reserved 1073152K
  class space    used 2665K, committed 2752K, reserved 1048576K
}
Event: 22.686 GC heap after
{Heap after GC invocations=4 (full 0):
 garbage-first heap   total 65536K, used 9744K [0x00000000c1600000, 0x0000000100000000)
  region size 1024K, 4 young (4096K), 4 survivors (4096K)
 Metaspace       used 21337K, committed 21504K, reserved 1073152K
  class space    used 2665K, committed 2752K, reserved 1048576K
}
Event: 30.861 GC heap before
{Heap before GC invocations=5 (full 0):
 garbage-first heap   total 40960K, used 29200K [0x00000000c1600000, 0x0000000100000000)
  region size 1024K, 24 young (24576K), 4 survivors (4096K)
 Metaspace       used 24396K, committed 24704K, reserved 1073152K
  class space    used 3130K, committed 3264K, reserved 1048576K
}
Event: 30.879 GC heap after
{Heap after GC invocations=6 (full 0):
 garbage-first heap   total 40960K, used 11827K [0x00000000c1600000, 0x0000000100000000)
  region size 1024K, 3 young (3072K), 3 survivors (3072K)
 Metaspace       used 24396K, committed 24704K, reserved 1073152K
  class space    used 3130K, committed 3264K, reserved 1048576K
}
Event: 35.646 GC heap before
{Heap before GC invocations=6 (full 0):
 garbage-first heap   total 40960K, used 27187K [0x00000000c1600000, 0x0000000100000000)
  region size 1024K, 18 young (18432K), 3 survivors (3072K)
 Metaspace       used 27554K, committed 27840K, reserved 1081344K
  class space    used 3613K, committed 3776K, reserved 1048576K
}
Event: 35.662 GC heap after
{Heap after GC invocations=7 (full 0):
 garbage-first heap   total 40960K, used 13803K [0x00000000c1600000, 0x0000000100000000)
  region size 1024K, 2 young (2048K), 2 survivors (2048K)
 Metaspace       used 27554K, committed 27840K, reserved 1081344K
  class space    used 3613K, committed 3776K, reserved 1048576K
}

