# JRE version: OpenJDK Runtime Environment Temurin-17.0.2+8 (17.0.2+8) (build 17.0.2+8)
# Java VM: OpenJDK 64-Bit Server VM Temurin-17.0.2+8 (17.0.2+8, mixed mode, emulated-client, tiered, compressed oops, compressed class ptrs, g1 gc, windows-amd64)
GC Precious Log:
 CPUs: 4 total, 4 available
 Memory: 4007M
 Large Page Support: Disabled
 NUMA Support: Disabled
 Compressed Oops: Enabled (32-bit)
 Heap Region Size: 1M
 Heap Min Capacity: 8M
 Heap Initial Capacity: 64M
 Heap Max Capacity: 1002M
 Pre-touch: Disabled
 Parallel Workers: 4
 Concurrent Workers: 1
 Concurrent Refinement Workers: 4
 Periodic GC: Disabled
Heap:
 garbage-first heap   total 37888K, used 10259K [0x00000000c1600000, 0x0000000100000000)
  region size 1024K, 1 young (1024K), 0 survivors (0K)
 Metaspace       used 28967K, committed 29248K, reserved 1081344K
  class space    used 3870K, committed 3968K, reserved 1048576K
GC Heap History (20 events):
Event: 813.165 GC heap before
{Heap before GC invocations=54 (full 47):
 garbage-first heap   total 37888K, used 10259K [0x00000000c1600000, 0x0000000100000000)
  region size 1024K, 1 young (1024K), 0 survivors (0K)
 Metaspace       used 28967K, committed 29248K, reserved 1081344K
  class space    used 3870K, committed 3968K, reserved 1048576K
}
Event: 813.201 GC heap after
{Heap after GC invocations=55 (full 48):
 garbage-first heap   total 37888K, used 10259K [0x00000000c1600000, 0x0000000100000000)
  region size 1024K, 0 young (0K), 0 survivors (0K)
 Metaspace       used 28967K, committed 29248K, reserved 1081344K
  class space    used 3870K, committed 3968K, reserved 1048576K
}
Event: 825.275 GC heap before
{Heap before GC invocations=55 (full 48):
 garbage-first heap   total 37888K, used 10259K [0x00000000c1600000, 0x0000000100000000)
  region size 1024K, 1 young (1024K), 0 survivors (0K)
 Metaspace       used 28967K, committed 29248K, reserved 1081344K
  class space    used 3870K, committed 3968K, reserved 1048576K
}
Event: 825.305 GC heap after
{Heap after GC invocations=56 (full 49):
 garbage-first heap   total 37888K, used 10259K [0x00000000c1600000, 0x0000000100000000)
  region size 1024K, 0 young (0K), 0 survivors (0K)
 Metaspace       used 28967K, committed 29248K, reserved 1081344K
  class space    used 3870K, committed 3968K, reserved 1048576K
}
Event: 835.644 GC heap before
{Heap before GC invocations=56 (full 49):
 garbage-first heap   total 37888K, used 10259K [0x00000000c1600000, 0x0000000100000000)
  region size 1024K, 1 young (1024K), 0 survivors (0K)
 Metaspace       used 28967K, committed 29248K, reserved 1081344K
  class space    used 3870K, committed 3968K, reserved 1048576K
}
Event: 835.671 GC heap after
{Heap after GC invocations=57 (full 50):
 garbage-first heap   total 37888K, used 10259K [0x00000000c1600000, 0x0000000100000000)
  region size 1024K, 0 young (0K), 0 survivors (0K)
 Metaspace       used 28967K, committed 29248K, reserved 1081344K
  class space    used 3870K, committed 3968K, reserved 1048576K
}
Event: 846.900 GC heap before
{Heap before GC invocations=57 (full 50):
 garbage-first heap   total 37888K, used 10259K [0x00000000c1600000, 0x0000000100000000)
  region size 1024K, 1 young (1024K), 0 survivors (0K)
 Metaspace       used 28967K, committed 29248K, reserved 1081344K
  class space    used 3870K, committed 3968K, reserved 1048576K
}
Event: 846.930 GC heap after
{Heap after GC invocations=58 (full 51):
 garbage-first heap   total 37888K, used 10259K [0x00000000c1600000, 0x0000000100000000)
  region size 1024K, 0 young (0K), 0 survivors (0K)
 Metaspace       used 28967K, committed 29248K, reserved 1081344K
  class space    used 3870K, committed 3968K, reserved 1048576K
}
Event: 861.429 GC heap before
{Heap before GC invocations=58 (full 51):
 garbage-first heap   total 37888K, used 10259K [0x00000000c1600000, 0x0000000100000000)
  region size 1024K, 1 young (1024K), 0 survivors (0K)
 Metaspace       used 28967K, committed 29248K, reserved 1081344K
  class space    used 3870K, committed 3968K, reserved 1048576K
}
Event: 861.462 GC heap after
{Heap after GC invocations=59 (full 52):
 garbage-first heap   total 37888K, used 10259K [0x00000000c1600000, 0x0000000100000000)
  region size 1024K, 0 young (0K), 0 survivors (0K)
 Metaspace       used 28967K, committed 29248K, reserved 1081344K
  class space    used 3870K, committed 3968K, reserved 1048576K
}
Event: 875.185 GC heap before
{Heap before GC invocations=59 (full 52):
 garbage-first heap   total 37888K, used 10259K [0x00000000c1600000, 0x0000000100000000)
  region size 1024K, 1 young (1024K), 0 survivors (0K)
 Metaspace       used 28967K, committed 29248K, reserved 1081344K
  class space    used 3870K, committed 3968K, reserved 1048576K
}
Event: 875.243 GC heap after
{Heap after GC invocations=60 (full 53):
 garbage-first heap   total 37888K, used 10259K [0x00000000c1600000, 0x0000000100000000)
  region size 1024K, 0 young (0K), 0 survivors (0K)
 Metaspace       used 28967K, committed 29248K, reserved 1081344K
  class space    used 3870K, committed 3968K, reserved 1048576K
}
Event: 888.737 GC heap before
{Heap before GC invocations=60 (full 53):
 garbage-first heap   total 37888K, used 10259K [0x00000000c1600000, 0x0000000100000000)
  region size 1024K, 1 young (1024K), 0 survivors (0K)
 Metaspace       used 28967K, committed 29248K, reserved 1081344K
  class space    used 3870K, committed 3968K, reserved 1048576K
}
Event: 888.764 GC heap after
{Heap after GC invocations=61 (full 54):
 garbage-first heap   total 37888K, used 10259K [0x00000000c1600000, 0x0000000100000000)
  region size 1024K, 0 young (0K), 0 survivors (0K)
 Metaspace       used 28967K, committed 29248K, reserved 1081344K
  class space    used 3870K, committed 3968K, reserved 1048576K
}
Event: 900.341 GC heap before
{Heap before GC invocations=61 (full 54):
 garbage-first heap   total 37888K, used 10259K [0x00000000c1600000, 0x0000000100000000)
  region size 1024K, 1 young (1024K), 0 survivors (0K)
 Metaspace       used 28967K, committed 29248K, reserved 1081344K
  class space    used 3870K, committed 3968K, reserved 1048576K
}
Event: 900.373 GC heap after
{Heap after GC invocations=62 (full 55):
 garbage-first heap   total 37888K, used 10259K [0x00000000c1600000, 0x0000000100000000)
  region size 1024K, 0 young (0K), 0 survivors (0K)
 Metaspace       used 28967K, committed 29248K, reserved 1081344K
  class space    used 3870K, committed 3968K, reserved 1048576K
}
Event: 911.274 GC heap before
{Heap before GC invocations=62 (full 55):
 garbage-first heap   total 37888K, used 10259K [0x00000000c1600000, 0x0000000100000000)
  region size 1024K, 1 young (1024K), 0 survivors (0K)
 Metaspace       used 28967K, committed 29248K, reserved 1081344K
  class space    used 3870K, committed 3968K, reserved 1048576K
}
Event: 911.308 GC heap after
{Heap after GC invocations=63 (full 56):
 garbage-first heap   total 37888K, used 10259K [0x00000000c1600000, 0x0000000100000000)
  region size 1024K, 0 young (0K), 0 survivors (0K)
 Metaspace       used 28967K, committed 29248K, reserved 1081344K
  class space    used 3870K, committed 3968K, reserved 1048576K
}
Event: 929.044 GC heap before
{Heap before GC invocations=63 (full 56):
 garbage-first heap   total 37888K, used 10259K [0x00000000c1600000, 0x0000000100000000)
  region size 1024K, 1 young (1024K), 0 survivors (0K)
 Metaspace       used 28967K, committed 29248K, reserved 1081344K
  class space    used 3870K, committed 3968K, reserved 1048576K
}
Event: 929.075 GC heap after
{Heap after GC invocations=64 (full 57):
 garbage-first heap   total 37888K, used 10259K [0x00000000c1600000, 0x0000000100000000)
  region size 1024K, 0 young (0K), 0 survivors (0K)
 Metaspace       used 28967K, committed 29248K, reserved 1081344K
  class space    used 3870K, committed 3968K, reserved 1048576K
}

