# JRE version: OpenJDK Runtime Environment Temurin-17.0.2+8 (17.0.2+8) (build 17.0.2+8)
# Java VM: OpenJDK 64-Bit Server VM Temurin-17.0.2+8 (17.0.2+8, mixed mode, emulated-client, tiered, compressed oops, compressed class ptrs, g1 gc, windows-amd64)
GC Precious Log:
 CPUs: 4 total, 4 available
 Memory: 4007M
 Large Page Support: Disabled
 NUMA Support: Disabled
 Compressed Oops: Enabled (32-bit)
 Heap Region Size: 1M
 Heap Min Capacity: 8M
 Heap Initial Capacity: 64M
 Heap Max Capacity: 1002M
 Pre-touch: Disabled
 Parallel Workers: 4
 Concurrent Workers: 1
 Concurrent Refinement Workers: 4
 Periodic GC: Disabled
Heap:
 garbage-first heap   total 65536K, used 18519K [0x00000000c1600000, 0x0000000100000000)
  region size 1024K, 14 young (14336K), 3 survivors (3072K)
 Metaspace       used 20307K, committed 20544K, reserved 1073152K
  class space    used 2528K, committed 2624K, reserved 1048576K
GC Heap History (6 events):
Event: 5.355 GC heap before
{Heap before GC invocations=0 (full 0):
 garbage-first heap   total 65536K, used 13312K [0x00000000c1600000, 0x0000000100000000)
  region size 1024K, 13 young (13312K), 0 survivors (0K)
 Metaspace       used 8363K, committed 8512K, reserved 1056768K
  class space    used 924K, committed 1024K, reserved 1048576K
}
Event: 5.527 GC heap after
{Heap after GC invocations=1 (full 0):
 garbage-first heap   total 65536K, used 4224K [0x00000000c1600000, 0x0000000100000000)
  region size 1024K, 2 young (2048K), 2 survivors (2048K)
 Metaspace       used 8363K, committed 8512K, reserved 1056768K
  class space    used 924K, committed 1024K, reserved 1048576K
}
Event: 8.737 GC heap before
{Heap before GC invocations=1 (full 0):
 garbage-first heap   total 65536K, used 16512K [0x00000000c1600000, 0x0000000100000000)
  region size 1024K, 14 young (14336K), 2 survivors (2048K)
 Metaspace       used 13397K, committed 13568K, reserved 1064960K
  class space    used 1575K, committed 1664K, reserved 1048576K
}
Event: 8.748 GC heap after
{Heap after GC invocations=2 (full 0):
 garbage-first heap   total 65536K, used 6187K [0x00000000c1600000, 0x0000000100000000)
  region size 1024K, 2 young (2048K), 2 survivors (2048K)
 Metaspace       used 13397K, committed 13568K, reserved 1064960K
  class space    used 1575K, committed 1664K, reserved 1048576K
}
Event: 12.357 GC heap before
{Heap before GC invocations=2 (full 0):
 garbage-first heap   total 65536K, used 25643K [0x00000000c1600000, 0x0000000100000000)
  region size 1024K, 22 young (22528K), 2 survivors (2048K)
 Metaspace       used 19294K, committed 19456K, reserved 1073152K
  class space    used 2407K, committed 2496K, reserved 1048576K
}
Event: 12.372 GC heap after
{Heap after GC invocations=3 (full 0):
 garbage-first heap   total 65536K, used 8279K [0x00000000c1600000, 0x0000000100000000)
  region size 1024K, 3 young (3072K), 3 survivors (3072K)
 Metaspace       used 19294K, committed 19456K, reserved 1073152K
  class space    used 2407K, committed 2496K, reserved 1048576K
}

