# JRE version: OpenJDK Runtime Environment Temurin-17.0.3+7 (17.0.3+7) (build 17.0.3+7)
# Java VM: OpenJDK 64-Bit Server VM Temurin-17.0.3+7 (17.0.3+7, mixed mode, tiered, compressed oops, compressed class ptrs, parallel gc, windows-amd64)
GC Precious Log:
 CPUs: 8 total, 8 available
 Memory: 8089M
 Large Page Support: Disabled
 NUMA Support: Disabled
 Compressed Oops: Enabled (32-bit)
 Alignments: Space 512K, Generation 512K, Heap 2M
 Heap Min Capacity: 100M
 Heap Initial Capacity: 100M
 Heap Max Capacity: 1G
 Pre-touch: Disabled
 Parallel Workers: 8
Heap:
 PSYoungGen      total 5120K, used 5108K [0x00000000eab00000, 0x00000000ebb00000, 0x0000000100000000)
  eden space 512K, 100% used [0x00000000eab00000,0x00000000eab80000,0x00000000eab80000)
  from space 4608K, 99% used [0x00000000eb200000,0x00000000eb67d350,0x00000000eb680000)
  to   space 6656K, 0% used [0x00000000eab80000,0x00000000eab80000,0x00000000eb200000)
 ParOldGen       total 157696K, used 156259K [0x00000000c0000000, 0x00000000c9a00000, 0x00000000eab00000)
  object space 157696K, 99% used [0x00000000c0000000,0x00000000c9898e78,0x00000000c9a00000)
 Metaspace       used 79894K, committed 81216K, reserved 1122304K
  class space    used 7923K, committed 8512K, reserved 1048576K
GC Heap History (20 events):
Event: 919.370 GC heap after
{Heap after GC invocations=1010 (full 29):
 PSYoungGen      total 6144K, used 2924K [0x00000000eab00000, 0x00000000eb400000, 0x0000000100000000)
  eden space 3072K, 0% used [0x00000000eab00000,0x00000000eab00000,0x00000000eae00000)
  from space 3072K, 95% used [0x00000000eae00000,0x00000000eb0db100,0x00000000eb100000)
  to   space 3072K, 0% used [0x00000000eb100000,0x00000000eb100000,0x00000000eb400000)
 ParOldGen       total 157696K, used 153347K [0x00000000c0000000, 0x00000000c9a00000, 0x00000000eab00000)
  object space 157696K, 97% used [0x00000000c0000000,0x00000000c95c0e60,0x00000000c9a00000)
 Metaspace       used 79892K, committed 81216K, reserved 1122304K
  class space    used 7923K, committed 8512K, reserved 1048576K
}
Event: 919.438 GC heap before
{Heap before GC invocations=1011 (full 29):
 PSYoungGen      total 6144K, used 5996K [0x00000000eab00000, 0x00000000eb400000, 0x0000000100000000)
  eden space 3072K, 100% used [0x00000000eab00000,0x00000000eae00000,0x00000000eae00000)
  from space 3072K, 95% used [0x00000000eae00000,0x00000000eb0db100,0x00000000eb100000)
  to   space 3072K, 0% used [0x00000000eb100000,0x00000000eb100000,0x00000000eb400000)
 ParOldGen       total 157696K, used 153347K [0x00000000c0000000, 0x00000000c9a00000, 0x00000000eab00000)
  object space 157696K, 97% used [0x00000000c0000000,0x00000000c95c0e60,0x00000000c9a00000)
 Metaspace       used 79892K, committed 81216K, reserved 1122304K
  class space    used 7923K, committed 8512K, reserved 1048576K
}
Event: 919.440 GC heap after
{Heap after GC invocations=1011 (full 29):
 PSYoungGen      total 5632K, used 3046K [0x00000000eab00000, 0x00000000eb500000, 0x0000000100000000)
  eden space 2560K, 0% used [0x00000000eab00000,0x00000000eab00000,0x00000000ead80000)
  from space 3072K, 99% used [0x00000000eb100000,0x00000000eb3f9a20,0x00000000eb400000)
  to   space 3584K, 0% used [0x00000000ead80000,0x00000000ead80000,0x00000000eb100000)
 ParOldGen       total 157696K, used 153587K [0x00000000c0000000, 0x00000000c9a00000, 0x00000000eab00000)
  object space 157696K, 97% used [0x00000000c0000000,0x00000000c95fce80,0x00000000c9a00000)
 Metaspace       used 79892K, committed 81216K, reserved 1122304K
  class space    used 7923K, committed 8512K, reserved 1048576K
}
Event: 919.490 GC heap before
{Heap before GC invocations=1012 (full 29):
 PSYoungGen      total 5632K, used 5606K [0x00000000eab00000, 0x00000000eb500000, 0x0000000100000000)
  eden space 2560K, 100% used [0x00000000eab00000,0x00000000ead80000,0x00000000ead80000)
  from space 3072K, 99% used [0x00000000eb100000,0x00000000eb3f9a20,0x00000000eb400000)
  to   space 3584K, 0% used [0x00000000ead80000,0x00000000ead80000,0x00000000eb100000)
 ParOldGen       total 157696K, used 153587K [0x00000000c0000000, 0x00000000c9a00000, 0x00000000eab00000)
  object space 157696K, 97% used [0x00000000c0000000,0x00000000c95fce80,0x00000000c9a00000)
 Metaspace       used 79892K, committed 81216K, reserved 1122304K
  class space    used 7923K, committed 8512K, reserved 1048576K
}
Event: 919.492 GC heap after
{Heap after GC invocations=1012 (full 29):
 PSYoungGen      total 6144K, used 3583K [0x00000000eab00000, 0x00000000eb580000, 0x0000000100000000)
  eden space 2560K, 0% used [0x00000000eab00000,0x00000000eab00000,0x00000000ead80000)
  from space 3584K, 99% used [0x00000000ead80000,0x00000000eb0ffe30,0x00000000eb100000)
  to   space 4096K, 0% used [0x00000000eb180000,0x00000000eb180000,0x00000000eb580000)
 ParOldGen       total 157696K, used 153939K [0x00000000c0000000, 0x00000000c9a00000, 0x00000000eab00000)
  object space 157696K, 97% used [0x00000000c0000000,0x00000000c9654e80,0x00000000c9a00000)
 Metaspace       used 79892K, committed 81216K, reserved 1122304K
  class space    used 7923K, committed 8512K, reserved 1048576K
}
Event: 919.804 GC heap before
{Heap before GC invocations=1013 (full 29):
 PSYoungGen      total 6144K, used 6143K [0x00000000eab00000, 0x00000000eb580000, 0x0000000100000000)
  eden space 2560K, 99% used [0x00000000eab00000,0x00000000ead7fff8,0x00000000ead80000)
  from space 3584K, 99% used [0x00000000ead80000,0x00000000eb0ffe30,0x00000000eb100000)
  to   space 4096K, 0% used [0x00000000eb180000,0x00000000eb180000,0x00000000eb580000)
 ParOldGen       total 157696K, used 153939K [0x00000000c0000000, 0x00000000c9a00000, 0x00000000eab00000)
  object space 157696K, 97% used [0x00000000c0000000,0x00000000c9654e80,0x00000000c9a00000)
 Metaspace       used 79892K, committed 81216K, reserved 1122304K
  class space    used 7923K, committed 8512K, reserved 1048576K
}
Event: 919.806 GC heap after
{Heap after GC invocations=1013 (full 29):
 PSYoungGen      total 6656K, used 3721K [0x00000000eab00000, 0x00000000eb580000, 0x0000000100000000)
  eden space 2560K, 0% used [0x00000000eab00000,0x00000000eab00000,0x00000000ead80000)
  from space 4096K, 90% used [0x00000000eb180000,0x00000000eb522720,0x00000000eb580000)
  to   space 4096K, 0% used [0x00000000ead80000,0x00000000ead80000,0x00000000eb180000)
 ParOldGen       total 157696K, used 153955K [0x00000000c0000000, 0x00000000c9a00000, 0x00000000eab00000)
  object space 157696K, 97% used [0x00000000c0000000,0x00000000c9658e80,0x00000000c9a00000)
 Metaspace       used 79892K, committed 81216K, reserved 1122304K
  class space    used 7923K, committed 8512K, reserved 1048576K
}
Event: 919.843 GC heap before
{Heap before GC invocations=1014 (full 29):
 PSYoungGen      total 6656K, used 6281K [0x00000000eab00000, 0x00000000eb580000, 0x0000000100000000)
  eden space 2560K, 100% used [0x00000000eab00000,0x00000000ead80000,0x00000000ead80000)
  from space 4096K, 90% used [0x00000000eb180000,0x00000000eb522720,0x00000000eb580000)
  to   space 4096K, 0% used [0x00000000ead80000,0x00000000ead80000,0x00000000eb180000)
 ParOldGen       total 157696K, used 153955K [0x00000000c0000000, 0x00000000c9a00000, 0x00000000eab00000)
  object space 157696K, 97% used [0x00000000c0000000,0x00000000c9658e80,0x00000000c9a00000)
 Metaspace       used 79892K, committed 81216K, reserved 1122304K
  class space    used 7923K, committed 8512K, reserved 1048576K
}
Event: 919.845 GC heap after
{Heap after GC invocations=1014 (full 29):
 PSYoungGen      total 6656K, used 4095K [0x00000000eab00000, 0x00000000eb680000, 0x0000000100000000)
  eden space 2560K, 0% used [0x00000000eab00000,0x00000000eab00000,0x00000000ead80000)
  from space 4096K, 99% used [0x00000000ead80000,0x00000000eb17fe10,0x00000000eb180000)
  to   space 4608K, 0% used [0x00000000eb200000,0x00000000eb200000,0x00000000eb680000)
 ParOldGen       total 157696K, used 153955K [0x00000000c0000000, 0x00000000c9a00000, 0x00000000eab00000)
  object space 157696K, 97% used [0x00000000c0000000,0x00000000c9658e80,0x00000000c9a00000)
 Metaspace       used 79892K, committed 81216K, reserved 1122304K
  class space    used 7923K, committed 8512K, reserved 1048576K
}
Event: 919.892 GC heap before
{Heap before GC invocations=1015 (full 29):
 PSYoungGen      total 6656K, used 6655K [0x00000000eab00000, 0x00000000eb680000, 0x0000000100000000)
  eden space 2560K, 100% used [0x00000000eab00000,0x00000000ead80000,0x00000000ead80000)
  from space 4096K, 99% used [0x00000000ead80000,0x00000000eb17fe10,0x00000000eb180000)
  to   space 4608K, 0% used [0x00000000eb200000,0x00000000eb200000,0x00000000eb680000)
 ParOldGen       total 157696K, used 153955K [0x00000000c0000000, 0x00000000c9a00000, 0x00000000eab00000)
  object space 157696K, 97% used [0x00000000c0000000,0x00000000c9658e80,0x00000000c9a00000)
 Metaspace       used 79892K, committed 81216K, reserved 1122304K
  class space    used 7923K, committed 8512K, reserved 1048576K
}
Event: 919.894 GC heap after
{Heap after GC invocations=1015 (full 29):
 PSYoungGen      total 7168K, used 4308K [0x00000000eab00000, 0x00000000eb680000, 0x0000000100000000)
  eden space 2560K, 0% used [0x00000000eab00000,0x00000000eab00000,0x00000000ead80000)
  from space 4608K, 93% used [0x00000000eb200000,0x00000000eb635030,0x00000000eb680000)
  to   space 4608K, 0% used [0x00000000ead80000,0x00000000ead80000,0x00000000eb200000)
 ParOldGen       total 157696K, used 153963K [0x00000000c0000000, 0x00000000c9a00000, 0x00000000eab00000)
  object space 157696K, 97% used [0x00000000c0000000,0x00000000c965ae80,0x00000000c9a00000)
 Metaspace       used 79892K, committed 81216K, reserved 1122304K
  class space    used 7923K, committed 8512K, reserved 1048576K
}
Event: 920.352 GC heap before
{Heap before GC invocations=1016 (full 29):
 PSYoungGen      total 7168K, used 6868K [0x00000000eab00000, 0x00000000eb680000, 0x0000000100000000)
  eden space 2560K, 100% used [0x00000000eab00000,0x00000000ead80000,0x00000000ead80000)
  from space 4608K, 93% used [0x00000000eb200000,0x00000000eb635030,0x00000000eb680000)
  to   space 4608K, 0% used [0x00000000ead80000,0x00000000ead80000,0x00000000eb200000)
 ParOldGen       total 157696K, used 153963K [0x00000000c0000000, 0x00000000c9a00000, 0x00000000eab00000)
  object space 157696K, 97% used [0x00000000c0000000,0x00000000c965ae80,0x00000000c9a00000)
 Metaspace       used 79892K, committed 81216K, reserved 1122304K
  class space    used 7923K, committed 8512K, reserved 1048576K
}
Event: 920.354 GC heap after
{Heap after GC invocations=1016 (full 29):
 PSYoungGen      total 6656K, used 3707K [0x00000000eab00000, 0x00000000eb580000, 0x0000000100000000)
  eden space 2560K, 0% used [0x00000000eab00000,0x00000000eab00000,0x00000000ead80000)
  from space 4096K, 90% used [0x00000000ead80000,0x00000000eb11ec40,0x00000000eb180000)
  to   space 4096K, 0% used [0x00000000eb180000,0x00000000eb180000,0x00000000eb580000)
 ParOldGen       total 157696K, used 153963K [0x00000000c0000000, 0x00000000c9a00000, 0x00000000eab00000)
  object space 157696K, 97% used [0x00000000c0000000,0x00000000c965ae80,0x00000000c9a00000)
 Metaspace       used 79892K, committed 81216K, reserved 1122304K
  class space    used 7923K, committed 8512K, reserved 1048576K
}
Event: 921.781 GC heap before
{Heap before GC invocations=1017 (full 29):
 PSYoungGen      total 6656K, used 6267K [0x00000000eab00000, 0x00000000eb580000, 0x0000000100000000)
  eden space 2560K, 100% used [0x00000000eab00000,0x00000000ead80000,0x00000000ead80000)
  from space 4096K, 90% used [0x00000000ead80000,0x00000000eb11ec40,0x00000000eb180000)
  to   space 4096K, 0% used [0x00000000eb180000,0x00000000eb180000,0x00000000eb580000)
 ParOldGen       total 157696K, used 153963K [0x00000000c0000000, 0x00000000c9a00000, 0x00000000eab00000)
  object space 157696K, 97% used [0x00000000c0000000,0x00000000c965ae80,0x00000000c9a00000)
 Metaspace       used 79892K, committed 81216K, reserved 1122304K
  class space    used 7923K, committed 8512K, reserved 1048576K
}
Event: 921.784 GC heap after
{Heap after GC invocations=1017 (full 29):
 PSYoungGen      total 6656K, used 4025K [0x00000000eab00000, 0x00000000eb580000, 0x0000000100000000)
  eden space 2560K, 0% used [0x00000000eab00000,0x00000000eab00000,0x00000000ead80000)
  from space 4096K, 98% used [0x00000000eb180000,0x00000000eb56e710,0x00000000eb580000)
  to   space 4096K, 0% used [0x00000000ead80000,0x00000000ead80000,0x00000000eb180000)
 ParOldGen       total 157696K, used 153963K [0x00000000c0000000, 0x00000000c9a00000, 0x00000000eab00000)
  object space 157696K, 97% used [0x00000000c0000000,0x00000000c965ae80,0x00000000c9a00000)
 Metaspace       used 79892K, committed 81216K, reserved 1122304K
  class space    used 7923K, committed 8512K, reserved 1048576K
}
Event: 921.794 GC heap before
{Heap before GC invocations=1018 (full 29):
 PSYoungGen      total 6656K, used 6585K [0x00000000eab00000, 0x00000000eb580000, 0x0000000100000000)
  eden space 2560K, 100% used [0x00000000eab00000,0x00000000ead80000,0x00000000ead80000)
  from space 4096K, 98% used [0x00000000eb180000,0x00000000eb56e710,0x00000000eb580000)
  to   space 4096K, 0% used [0x00000000ead80000,0x00000000ead80000,0x00000000eb180000)
 ParOldGen       total 157696K, used 153963K [0x00000000c0000000, 0x00000000c9a00000, 0x00000000eab00000)
  object space 157696K, 97% used [0x00000000c0000000,0x00000000c965ae80,0x00000000c9a00000)
 Metaspace       used 79894K, committed 81216K, reserved 1122304K
  class space    used 7923K, committed 8512K, reserved 1048576K
}
Event: 921.797 GC heap after
{Heap after GC invocations=1018 (full 29):
 PSYoungGen      total 6656K, used 4077K [0x00000000eab00000, 0x00000000eb680000, 0x0000000100000000)
  eden space 2560K, 0% used [0x00000000eab00000,0x00000000eab00000,0x00000000ead80000)
  from space 4096K, 99% used [0x00000000ead80000,0x00000000eb17b720,0x00000000eb180000)
  to   space 4608K, 0% used [0x00000000eb200000,0x00000000eb200000,0x00000000eb680000)
 ParOldGen       total 157696K, used 154251K [0x00000000c0000000, 0x00000000c9a00000, 0x00000000eab00000)
  object space 157696K, 97% used [0x00000000c0000000,0x00000000c96a2e80,0x00000000c9a00000)
 Metaspace       used 79894K, committed 81216K, reserved 1122304K
  class space    used 7923K, committed 8512K, reserved 1048576K
}
Event: 921.807 GC heap before
{Heap before GC invocations=1019 (full 29):
 PSYoungGen      total 6656K, used 6637K [0x00000000eab00000, 0x00000000eb680000, 0x0000000100000000)
  eden space 2560K, 100% used [0x00000000eab00000,0x00000000ead80000,0x00000000ead80000)
  from space 4096K, 99% used [0x00000000ead80000,0x00000000eb17b720,0x00000000eb180000)
  to   space 4608K, 0% used [0x00000000eb200000,0x00000000eb200000,0x00000000eb680000)
 ParOldGen       total 157696K, used 154251K [0x00000000c0000000, 0x00000000c9a00000, 0x00000000eab00000)
  object space 157696K, 97% used [0x00000000c0000000,0x00000000c96a2e80,0x00000000c9a00000)
 Metaspace       used 79894K, committed 81216K, reserved 1122304K
  class space    used 7923K, committed 8512K, reserved 1048576K
}
Event: 921.809 GC heap after
{Heap after GC invocations=1019 (full 29):
 PSYoungGen      total 5120K, used 4596K [0x00000000eab00000, 0x00000000ebb00000, 0x0000000100000000)
  eden space 512K, 0% used [0x00000000eab00000,0x00000000eab00000,0x00000000eab80000)
  from space 4608K, 99% used [0x00000000eb200000,0x00000000eb67d350,0x00000000eb680000)
  to   space 6656K, 0% used [0x00000000eab80000,0x00000000eab80000,0x00000000eb200000)
 ParOldGen       total 157696K, used 155775K [0x00000000c0000000, 0x00000000c9a00000, 0x00000000eab00000)
  object space 157696K, 98% used [0x00000000c0000000,0x00000000c981ff40,0x00000000c9a00000)
 Metaspace       used 79894K, committed 81216K, reserved 1122304K
  class space    used 7923K, committed 8512K, reserved 1048576K
}
Event: 921.812 GC heap before
{Heap before GC invocations=1020 (full 30):
 PSYoungGen      total 5120K, used 5108K [0x00000000eab00000, 0x00000000ebb00000, 0x0000000100000000)
  eden space 512K, 100% used [0x00000000eab00000,0x00000000eab80000,0x00000000eab80000)
  from space 4608K, 99% used [0x00000000eb200000,0x00000000eb67d350,0x00000000eb680000)
  to   space 6656K, 0% used [0x00000000eab80000,0x00000000eab80000,0x00000000eb200000)
 ParOldGen       total 157696K, used 156259K [0x00000000c0000000, 0x00000000c9a00000, 0x00000000eab00000)
  object space 157696K, 99% used [0x00000000c0000000,0x00000000c9898e78,0x00000000c9a00000)
 Metaspace       used 79894K, committed 81216K, reserved 1122304K
  class space    used 7923K, committed 8512K, reserved 1048576K
}

