# JRE version: OpenJDK Runtime Environment Temurin-17.0.2+8 (17.0.2+8) (build 17.0.2+8)
# Java VM: OpenJDK 64-Bit Server VM Temurin-17.0.2+8 (17.0.2+8, mixed mode, emulated-client, tiered, compressed oops, compressed class ptrs, g1 gc, windows-amd64)
GC Precious Log:
 CPUs: 4 total, 4 available
 Memory: 4007M
 Large Page Support: Disabled
 NUMA Support: Disabled
 Compressed Oops: Enabled (32-bit)
 Heap Region Size: 1M
 Heap Min Capacity: 8M
 Heap Initial Capacity: 64M
 Heap Max Capacity: 1002M
 Pre-touch: Disabled
 Parallel Workers: 4
 Concurrent Workers: 1
 Concurrent Refinement Workers: 4
 Periodic GC: Disabled
Heap:
 garbage-first heap   total 37888K, used 9979K [0x00000000c1600000, 0x0000000100000000)
  region size 1024K, 1 young (1024K), 0 survivors (0K)
 Metaspace       used 28792K, committed 29120K, reserved 1081344K
  class space    used 3847K, committed 3968K, reserved 1048576K
GC Heap History (20 events):
Event: 121.026 GC heap before
{Heap before GC invocations=13 (full 6):
 garbage-first heap   total 37888K, used 9979K [0x00000000c1600000, 0x0000000100000000)
  region size 1024K, 1 young (1024K), 0 survivors (0K)
 Metaspace       used 28792K, committed 29120K, reserved 1081344K
  class space    used 3847K, committed 3968K, reserved 1048576K
}
Event: 121.054 GC heap after
{Heap after GC invocations=14 (full 7):
 garbage-first heap   total 37888K, used 9979K [0x00000000c1600000, 0x0000000100000000)
  region size 1024K, 0 young (0K), 0 survivors (0K)
 Metaspace       used 28792K, committed 29120K, reserved 1081344K
  class space    used 3847K, committed 3968K, reserved 1048576K
}
Event: 132.953 GC heap before
{Heap before GC invocations=14 (full 7):
 garbage-first heap   total 37888K, used 9979K [0x00000000c1600000, 0x0000000100000000)
  region size 1024K, 1 young (1024K), 0 survivors (0K)
 Metaspace       used 28792K, committed 29120K, reserved 1081344K
  class space    used 3847K, committed 3968K, reserved 1048576K
}
Event: 132.986 GC heap after
{Heap after GC invocations=15 (full 8):
 garbage-first heap   total 37888K, used 9979K [0x00000000c1600000, 0x0000000100000000)
  region size 1024K, 0 young (0K), 0 survivors (0K)
 Metaspace       used 28792K, committed 29120K, reserved 1081344K
  class space    used 3847K, committed 3968K, reserved 1048576K
}
Event: 144.166 GC heap before
{Heap before GC invocations=15 (full 8):
 garbage-first heap   total 37888K, used 9979K [0x00000000c1600000, 0x0000000100000000)
  region size 1024K, 1 young (1024K), 0 survivors (0K)
 Metaspace       used 28792K, committed 29120K, reserved 1081344K
  class space    used 3847K, committed 3968K, reserved 1048576K
}
Event: 144.196 GC heap after
{Heap after GC invocations=16 (full 9):
 garbage-first heap   total 37888K, used 9979K [0x00000000c1600000, 0x0000000100000000)
  region size 1024K, 0 young (0K), 0 survivors (0K)
 Metaspace       used 28792K, committed 29120K, reserved 1081344K
  class space    used 3847K, committed 3968K, reserved 1048576K
}
Event: 154.620 GC heap before
{Heap before GC invocations=16 (full 9):
 garbage-first heap   total 37888K, used 9979K [0x00000000c1600000, 0x0000000100000000)
  region size 1024K, 1 young (1024K), 0 survivors (0K)
 Metaspace       used 28792K, committed 29120K, reserved 1081344K
  class space    used 3847K, committed 3968K, reserved 1048576K
}
Event: 154.653 GC heap after
{Heap after GC invocations=17 (full 10):
 garbage-first heap   total 37888K, used 9979K [0x00000000c1600000, 0x0000000100000000)
  region size 1024K, 0 young (0K), 0 survivors (0K)
 Metaspace       used 28792K, committed 29120K, reserved 1081344K
  class space    used 3847K, committed 3968K, reserved 1048576K
}
Event: 167.574 GC heap before
{Heap before GC invocations=17 (full 10):
 garbage-first heap   total 37888K, used 9979K [0x00000000c1600000, 0x0000000100000000)
  region size 1024K, 1 young (1024K), 0 survivors (0K)
 Metaspace       used 28792K, committed 29120K, reserved 1081344K
  class space    used 3847K, committed 3968K, reserved 1048576K
}
Event: 167.612 GC heap after
{Heap after GC invocations=18 (full 11):
 garbage-first heap   total 37888K, used 9979K [0x00000000c1600000, 0x0000000100000000)
  region size 1024K, 0 young (0K), 0 survivors (0K)
 Metaspace       used 28792K, committed 29120K, reserved 1081344K
  class space    used 3847K, committed 3968K, reserved 1048576K
}
Event: 180.925 GC heap before
{Heap before GC invocations=18 (full 11):
 garbage-first heap   total 37888K, used 9979K [0x00000000c1600000, 0x0000000100000000)
  region size 1024K, 1 young (1024K), 0 survivors (0K)
 Metaspace       used 28792K, committed 29120K, reserved 1081344K
  class space    used 3847K, committed 3968K, reserved 1048576K
}
Event: 180.974 GC heap after
{Heap after GC invocations=19 (full 12):
 garbage-first heap   total 37888K, used 9979K [0x00000000c1600000, 0x0000000100000000)
  region size 1024K, 0 young (0K), 0 survivors (0K)
 Metaspace       used 28792K, committed 29120K, reserved 1081344K
  class space    used 3847K, committed 3968K, reserved 1048576K
}
Event: 192.201 GC heap before
{Heap before GC invocations=19 (full 12):
 garbage-first heap   total 37888K, used 9979K [0x00000000c1600000, 0x0000000100000000)
  region size 1024K, 1 young (1024K), 0 survivors (0K)
 Metaspace       used 28792K, committed 29120K, reserved 1081344K
  class space    used 3847K, committed 3968K, reserved 1048576K
}
Event: 192.228 GC heap after
{Heap after GC invocations=20 (full 13):
 garbage-first heap   total 37888K, used 9979K [0x00000000c1600000, 0x0000000100000000)
  region size 1024K, 0 young (0K), 0 survivors (0K)
 Metaspace       used 28792K, committed 29120K, reserved 1081344K
  class space    used 3847K, committed 3968K, reserved 1048576K
}
Event: 204.392 GC heap before
{Heap before GC invocations=20 (full 13):
 garbage-first heap   total 37888K, used 9979K [0x00000000c1600000, 0x0000000100000000)
  region size 1024K, 1 young (1024K), 0 survivors (0K)
 Metaspace       used 28792K, committed 29120K, reserved 1081344K
  class space    used 3847K, committed 3968K, reserved 1048576K
}
Event: 204.418 GC heap after
{Heap after GC invocations=21 (full 14):
 garbage-first heap   total 37888K, used 9979K [0x00000000c1600000, 0x0000000100000000)
  region size 1024K, 0 young (0K), 0 survivors (0K)
 Metaspace       used 28792K, committed 29120K, reserved 1081344K
  class space    used 3847K, committed 3968K, reserved 1048576K
}
Event: 215.822 GC heap before
{Heap before GC invocations=21 (full 14):
 garbage-first heap   total 37888K, used 9979K [0x00000000c1600000, 0x0000000100000000)
  region size 1024K, 1 young (1024K), 0 survivors (0K)
 Metaspace       used 28792K, committed 29120K, reserved 1081344K
  class space    used 3847K, committed 3968K, reserved 1048576K
}
Event: 215.850 GC heap after
{Heap after GC invocations=22 (full 15):
 garbage-first heap   total 37888K, used 9979K [0x00000000c1600000, 0x0000000100000000)
  region size 1024K, 0 young (0K), 0 survivors (0K)
 Metaspace       used 28792K, committed 29120K, reserved 1081344K
  class space    used 3847K, committed 3968K, reserved 1048576K
}
Event: 226.965 GC heap before
{Heap before GC invocations=22 (full 15):
 garbage-first heap   total 37888K, used 9979K [0x00000000c1600000, 0x0000000100000000)
  region size 1024K, 1 young (1024K), 0 survivors (0K)
 Metaspace       used 28792K, committed 29120K, reserved 1081344K
  class space    used 3847K, committed 3968K, reserved 1048576K
}
Event: 227.003 GC heap after
{Heap after GC invocations=23 (full 16):
 garbage-first heap   total 37888K, used 9979K [0x00000000c1600000, 0x0000000100000000)
  region size 1024K, 0 young (0K), 0 survivors (0K)
 Metaspace       used 28792K, committed 29120K, reserved 1081344K
  class space    used 3847K, committed 3968K, reserved 1048576K
}

