# JRE version: OpenJDK Runtime Environment Temurin-17.0.3+7 (17.0.3+7) (build 17.0.3+7)
# Java VM: OpenJDK 64-Bit Server VM Temurin-17.0.3+7 (17.0.3+7, mixed mode, tiered, compressed oops, compressed class ptrs, parallel gc, windows-amd64)
GC Precious Log:
 CPUs: 8 total, 8 available
 Memory: 8089M
 Large Page Support: Disabled
 NUMA Support: Disabled
 Compressed Oops: Enabled (32-bit)
 Alignments: Space 512K, Generation 512K, Heap 2M
 Heap Min Capacity: 100M
 Heap Initial Capacity: 100M
 Heap Max Capacity: 1G
 Pre-touch: Disabled
 Parallel Workers: 8
Heap:
 PSYoungGen      total 3584K, used 2898K [0x00000000eab00000, 0x00000000eaf80000, 0x0000000100000000)
  eden space 3072K, 89% used [0x00000000eab00000,0x00000000eadac900,0x00000000eae00000)
  from space 512K, 31% used [0x00000000eae80000,0x00000000eaea8000,0x00000000eaf00000)
  to   space 512K, 0% used [0x00000000eaf00000,0x00000000eaf00000,0x00000000eaf80000)
 ParOldGen       total 184832K, used 160224K [0x00000000c0000000, 0x00000000cb480000, 0x00000000eab00000)
  object space 184832K, 86% used [0x00000000c0000000,0x00000000c9c783a0,0x00000000cb480000)
 Metaspace       used 83258K, committed 84544K, reserved 1130496K
  class space    used 8269K, committed 8768K, reserved 1048576K
GC Heap History (20 events):
Event: 804.983 GC heap before
{Heap before GC invocations=1822 (full 45):
 PSYoungGen      total 3584K, used 2804K [0x00000000eab00000, 0x00000000eb100000, 0x0000000100000000)
  eden space 512K, 100% used [0x00000000eab00000,0x00000000eab80000,0x00000000eab80000)
  from space 3072K, 74% used [0x00000000eab80000,0x00000000eadbd200,0x00000000eae80000)
  to   space 2560K, 0% used [0x00000000eae80000,0x00000000eae80000,0x00000000eb100000)
 ParOldGen       total 184832K, used 154499K [0x00000000c0000000, 0x00000000cb480000, 0x00000000eab00000)
  object space 184832K, 83% used [0x00000000c0000000,0x00000000c96e0d50,0x00000000cb480000)
 Metaspace       used 82724K, committed 84032K, reserved 1130496K
  class space    used 8219K, committed 8768K, reserved 1048576K
}
Event: 804.986 GC heap after
{Heap after GC invocations=1822 (full 45):
 PSYoungGen      total 3584K, used 2484K [0x00000000eab00000, 0x00000000eb100000, 0x0000000100000000)
  eden space 1024K, 0% used [0x00000000eab00000,0x00000000eab00000,0x00000000eac00000)
  from space 2560K, 97% used [0x00000000eae80000,0x00000000eb0ed200,0x00000000eb100000)
  to   space 2560K, 0% used [0x00000000eac00000,0x00000000eac00000,0x00000000eae80000)
 ParOldGen       total 184832K, used 154595K [0x00000000c0000000, 0x00000000cb480000, 0x00000000eab00000)
  object space 184832K, 83% used [0x00000000c0000000,0x00000000c96f8d70,0x00000000cb480000)
 Metaspace       used 82724K, committed 84032K, reserved 1130496K
  class space    used 8219K, committed 8768K, reserved 1048576K
}
Event: 804.991 GC heap before
{Heap before GC invocations=1823 (full 45):
 PSYoungGen      total 3584K, used 3508K [0x00000000eab00000, 0x00000000eb100000, 0x0000000100000000)
  eden space 1024K, 100% used [0x00000000eab00000,0x00000000eac00000,0x00000000eac00000)
  from space 2560K, 97% used [0x00000000eae80000,0x00000000eb0ed200,0x00000000eb100000)
  to   space 2560K, 0% used [0x00000000eac00000,0x00000000eac00000,0x00000000eae80000)
 ParOldGen       total 184832K, used 154595K [0x00000000c0000000, 0x00000000cb480000, 0x00000000eab00000)
  object space 184832K, 83% used [0x00000000c0000000,0x00000000c96f8d70,0x00000000cb480000)
 Metaspace       used 82724K, committed 84032K, reserved 1130496K
  class space    used 8219K, committed 8768K, reserved 1048576K
}
Event: 804.995 GC heap after
{Heap after GC invocations=1823 (full 45):
 PSYoungGen      total 3584K, used 1786K [0x00000000eab00000, 0x00000000eb080000, 0x0000000100000000)
  eden space 1024K, 0% used [0x00000000eab00000,0x00000000eab00000,0x00000000eac00000)
  from space 2560K, 69% used [0x00000000eac00000,0x00000000eadbe900,0x00000000eae80000)
  to   space 2048K, 0% used [0x00000000eae80000,0x00000000eae80000,0x00000000eb080000)
 ParOldGen       total 184832K, used 155563K [0x00000000c0000000, 0x00000000cb480000, 0x00000000eab00000)
  object space 184832K, 84% used [0x00000000c0000000,0x00000000c97ead70,0x00000000cb480000)
 Metaspace       used 82724K, committed 84032K, reserved 1130496K
  class space    used 8219K, committed 8768K, reserved 1048576K
}
Event: 804.999 GC heap before
{Heap before GC invocations=1824 (full 45):
 PSYoungGen      total 3584K, used 2810K [0x00000000eab00000, 0x00000000eb080000, 0x0000000100000000)
  eden space 1024K, 100% used [0x00000000eab00000,0x00000000eac00000,0x00000000eac00000)
  from space 2560K, 69% used [0x00000000eac00000,0x00000000eadbe900,0x00000000eae80000)
  to   space 2048K, 0% used [0x00000000eae80000,0x00000000eae80000,0x00000000eb080000)
 ParOldGen       total 184832K, used 155563K [0x00000000c0000000, 0x00000000cb480000, 0x00000000eab00000)
  object space 184832K, 84% used [0x00000000c0000000,0x00000000c97ead70,0x00000000cb480000)
 Metaspace       used 82724K, committed 84032K, reserved 1130496K
  class space    used 8219K, committed 8768K, reserved 1048576K
}
Event: 805.002 GC heap after
{Heap after GC invocations=1824 (full 45):
 PSYoungGen      total 2560K, used 800K [0x00000000eab00000, 0x00000000eaf80000, 0x0000000100000000)
  eden space 1536K, 0% used [0x00000000eab00000,0x00000000eab00000,0x00000000eac80000)
  from space 1024K, 78% used [0x00000000eae80000,0x00000000eaf48000,0x00000000eaf80000)
  to   space 1536K, 0% used [0x00000000eac80000,0x00000000eac80000,0x00000000eae00000)
 ParOldGen       total 184832K, used 156767K [0x00000000c0000000, 0x00000000cb480000, 0x00000000eab00000)
  object space 184832K, 84% used [0x00000000c0000000,0x00000000c9917f70,0x00000000cb480000)
 Metaspace       used 82724K, committed 84032K, reserved 1130496K
  class space    used 8219K, committed 8768K, reserved 1048576K
}
Event: 805.013 GC heap before
{Heap before GC invocations=1825 (full 45):
 PSYoungGen      total 2560K, used 2336K [0x00000000eab00000, 0x00000000eaf80000, 0x0000000100000000)
  eden space 1536K, 100% used [0x00000000eab00000,0x00000000eac80000,0x00000000eac80000)
  from space 1024K, 78% used [0x00000000eae80000,0x00000000eaf48000,0x00000000eaf80000)
  to   space 1536K, 0% used [0x00000000eac80000,0x00000000eac80000,0x00000000eae00000)
 ParOldGen       total 184832K, used 156767K [0x00000000c0000000, 0x00000000cb480000, 0x00000000eab00000)
  object space 184832K, 84% used [0x00000000c0000000,0x00000000c9917f70,0x00000000cb480000)
 Metaspace       used 82724K, committed 84032K, reserved 1130496K
  class space    used 8219K, committed 8768K, reserved 1048576K
}
Event: 805.015 GC heap after
{Heap after GC invocations=1825 (full 45):
 PSYoungGen      total 3072K, used 864K [0x00000000eab00000, 0x00000000eaf00000, 0x0000000100000000)
  eden space 1536K, 0% used [0x00000000eab00000,0x00000000eab00000,0x00000000eac80000)
  from space 1536K, 56% used [0x00000000eac80000,0x00000000ead58000,0x00000000eae00000)
  to   space 1024K, 0% used [0x00000000eae00000,0x00000000eae00000,0x00000000eaf00000)
 ParOldGen       total 184832K, used 157219K [0x00000000c0000000, 0x00000000cb480000, 0x00000000eab00000)
  object space 184832K, 85% used [0x00000000c0000000,0x00000000c9988fa0,0x00000000cb480000)
 Metaspace       used 82724K, committed 84032K, reserved 1130496K
  class space    used 8219K, committed 8768K, reserved 1048576K
}
Event: 805.024 GC heap before
{Heap before GC invocations=1826 (full 45):
 PSYoungGen      total 3072K, used 2400K [0x00000000eab00000, 0x00000000eaf00000, 0x0000000100000000)
  eden space 1536K, 100% used [0x00000000eab00000,0x00000000eac80000,0x00000000eac80000)
  from space 1536K, 56% used [0x00000000eac80000,0x00000000ead58000,0x00000000eae00000)
  to   space 1024K, 0% used [0x00000000eae00000,0x00000000eae00000,0x00000000eaf00000)
 ParOldGen       total 184832K, used 157219K [0x00000000c0000000, 0x00000000cb480000, 0x00000000eab00000)
  object space 184832K, 85% used [0x00000000c0000000,0x00000000c9988fa0,0x00000000cb480000)
 Metaspace       used 82724K, committed 84032K, reserved 1130496K
  class space    used 8219K, committed 8768K, reserved 1048576K
}
Event: 805.025 GC heap after
{Heap after GC invocations=1826 (full 45):
 PSYoungGen      total 3072K, used 544K [0x00000000eab00000, 0x00000000eaf00000, 0x0000000100000000)
  eden space 2048K, 0% used [0x00000000eab00000,0x00000000eab00000,0x00000000ead00000)
  from space 1024K, 53% used [0x00000000eae00000,0x00000000eae88000,0x00000000eaf00000)
  to   space 1024K, 0% used [0x00000000ead00000,0x00000000ead00000,0x00000000eae00000)
 ParOldGen       total 184832K, used 158023K [0x00000000c0000000, 0x00000000cb480000, 0x00000000eab00000)
  object space 184832K, 85% used [0x00000000c0000000,0x00000000c9a51fb0,0x00000000cb480000)
 Metaspace       used 82724K, committed 84032K, reserved 1130496K
  class space    used 8219K, committed 8768K, reserved 1048576K
}
Event: 805.036 GC heap before
{Heap before GC invocations=1827 (full 45):
 PSYoungGen      total 3072K, used 2592K [0x00000000eab00000, 0x00000000eaf00000, 0x0000000100000000)
  eden space 2048K, 100% used [0x00000000eab00000,0x00000000ead00000,0x00000000ead00000)
  from space 1024K, 53% used [0x00000000eae00000,0x00000000eae88000,0x00000000eaf00000)
  to   space 1024K, 0% used [0x00000000ead00000,0x00000000ead00000,0x00000000eae00000)
 ParOldGen       total 184832K, used 158023K [0x00000000c0000000, 0x00000000cb480000, 0x00000000eab00000)
  object space 184832K, 85% used [0x00000000c0000000,0x00000000c9a51fb0,0x00000000cb480000)
 Metaspace       used 82724K, committed 84032K, reserved 1130496K
  class space    used 8219K, committed 8768K, reserved 1048576K
}
Event: 805.037 GC heap after
{Heap after GC invocations=1827 (full 45):
 PSYoungGen      total 3072K, used 730K [0x00000000eab00000, 0x00000000eaf80000, 0x0000000100000000)
  eden space 2048K, 0% used [0x00000000eab00000,0x00000000eab00000,0x00000000ead00000)
  from space 1024K, 71% used [0x00000000ead00000,0x00000000eadb6900,0x00000000eae00000)
  to   space 1024K, 0% used [0x00000000eae80000,0x00000000eae80000,0x00000000eaf80000)
 ParOldGen       total 184832K, used 158431K [0x00000000c0000000, 0x00000000cb480000, 0x00000000eab00000)
  object space 184832K, 85% used [0x00000000c0000000,0x00000000c9ab7fb0,0x00000000cb480000)
 Metaspace       used 82724K, committed 84032K, reserved 1130496K
  class space    used 8219K, committed 8768K, reserved 1048576K
}
Event: 805.046 GC heap before
{Heap before GC invocations=1828 (full 45):
 PSYoungGen      total 3072K, used 2778K [0x00000000eab00000, 0x00000000eaf80000, 0x0000000100000000)
  eden space 2048K, 100% used [0x00000000eab00000,0x00000000ead00000,0x00000000ead00000)
  from space 1024K, 71% used [0x00000000ead00000,0x00000000eadb6900,0x00000000eae00000)
  to   space 1024K, 0% used [0x00000000eae80000,0x00000000eae80000,0x00000000eaf80000)
 ParOldGen       total 184832K, used 158431K [0x00000000c0000000, 0x00000000cb480000, 0x00000000eab00000)
  object space 184832K, 85% used [0x00000000c0000000,0x00000000c9ab7fb0,0x00000000cb480000)
 Metaspace       used 82724K, committed 84032K, reserved 1130496K
  class space    used 8219K, committed 8768K, reserved 1048576K
}
Event: 805.048 GC heap after
{Heap after GC invocations=1828 (full 45):
 PSYoungGen      total 3584K, used 672K [0x00000000eab00000, 0x00000000eaf80000, 0x0000000100000000)
  eden space 2560K, 0% used [0x00000000eab00000,0x00000000eab00000,0x00000000ead80000)
  from space 1024K, 65% used [0x00000000eae80000,0x00000000eaf28000,0x00000000eaf80000)
  to   space 1024K, 0% used [0x00000000ead80000,0x00000000ead80000,0x00000000eae80000)
 ParOldGen       total 184832K, used 159072K [0x00000000c0000000, 0x00000000cb480000, 0x00000000eab00000)
  object space 184832K, 86% used [0x00000000c0000000,0x00000000c9b58308,0x00000000cb480000)
 Metaspace       used 82724K, committed 84032K, reserved 1130496K
  class space    used 8219K, committed 8768K, reserved 1048576K
}
Event: 805.441 GC heap before
{Heap before GC invocations=1829 (full 45):
 PSYoungGen      total 3584K, used 3231K [0x00000000eab00000, 0x00000000eaf80000, 0x0000000100000000)
  eden space 2560K, 99% used [0x00000000eab00000,0x00000000ead7ffe8,0x00000000ead80000)
  from space 1024K, 65% used [0x00000000eae80000,0x00000000eaf28000,0x00000000eaf80000)
  to   space 1024K, 0% used [0x00000000ead80000,0x00000000ead80000,0x00000000eae80000)
 ParOldGen       total 184832K, used 159072K [0x00000000c0000000, 0x00000000cb480000, 0x00000000eab00000)
  object space 184832K, 86% used [0x00000000c0000000,0x00000000c9b58308,0x00000000cb480000)
 Metaspace       used 82802K, committed 84096K, reserved 1130496K
  class space    used 8224K, committed 8768K, reserved 1048576K
}
Event: 805.442 GC heap after
{Heap after GC invocations=1829 (full 45):
 PSYoungGen      total 3584K, used 576K [0x00000000eab00000, 0x00000000eb000000, 0x0000000100000000)
  eden space 2560K, 0% used [0x00000000eab00000,0x00000000eab00000,0x00000000ead80000)
  from space 1024K, 56% used [0x00000000ead80000,0x00000000eae10000,0x00000000eae80000)
  to   space 1024K, 0% used [0x00000000eaf00000,0x00000000eaf00000,0x00000000eb000000)
 ParOldGen       total 184832K, used 159680K [0x00000000c0000000, 0x00000000cb480000, 0x00000000eab00000)
  object space 184832K, 86% used [0x00000000c0000000,0x00000000c9bf03a0,0x00000000cb480000)
 Metaspace       used 82802K, committed 84096K, reserved 1130496K
  class space    used 8224K, committed 8768K, reserved 1048576K
}
Event: 816.261 GC heap before
{Heap before GC invocations=1830 (full 45):
 PSYoungGen      total 3584K, used 3136K [0x00000000eab00000, 0x00000000eb000000, 0x0000000100000000)
  eden space 2560K, 100% used [0x00000000eab00000,0x00000000ead80000,0x00000000ead80000)
  from space 1024K, 56% used [0x00000000ead80000,0x00000000eae10000,0x00000000eae80000)
  to   space 1024K, 0% used [0x00000000eaf00000,0x00000000eaf00000,0x00000000eb000000)
 ParOldGen       total 184832K, used 159680K [0x00000000c0000000, 0x00000000cb480000, 0x00000000eab00000)
  object space 184832K, 86% used [0x00000000c0000000,0x00000000c9bf03a0,0x00000000cb480000)
 Metaspace       used 83005K, committed 84288K, reserved 1130496K
  class space    used 8249K, committed 8768K, reserved 1048576K
}
Event: 816.263 GC heap after
{Heap after GC invocations=1830 (full 45):
 PSYoungGen      total 3584K, used 192K [0x00000000eab00000, 0x00000000eaf80000, 0x0000000100000000)
  eden space 3072K, 0% used [0x00000000eab00000,0x00000000eab00000,0x00000000eae00000)
  from space 512K, 37% used [0x00000000eaf00000,0x00000000eaf30000,0x00000000eaf80000)
  to   space 512K, 0% used [0x00000000eae80000,0x00000000eae80000,0x00000000eaf00000)
 ParOldGen       total 184832K, used 160168K [0x00000000c0000000, 0x00000000cb480000, 0x00000000eab00000)
  object space 184832K, 86% used [0x00000000c0000000,0x00000000c9c6a3a0,0x00000000cb480000)
 Metaspace       used 83005K, committed 84288K, reserved 1130496K
  class space    used 8249K, committed 8768K, reserved 1048576K
}
Event: 819.490 GC heap before
{Heap before GC invocations=1831 (full 45):
 PSYoungGen      total 3584K, used 3264K [0x00000000eab00000, 0x00000000eaf80000, 0x0000000100000000)
  eden space 3072K, 100% used [0x00000000eab00000,0x00000000eae00000,0x00000000eae00000)
  from space 512K, 37% used [0x00000000eaf00000,0x00000000eaf30000,0x00000000eaf80000)
  to   space 512K, 0% used [0x00000000eae80000,0x00000000eae80000,0x00000000eaf00000)
 ParOldGen       total 184832K, used 160168K [0x00000000c0000000, 0x00000000cb480000, 0x00000000eab00000)
  object space 184832K, 86% used [0x00000000c0000000,0x00000000c9c6a3a0,0x00000000cb480000)
 Metaspace       used 83005K, committed 84288K, reserved 1130496K
  class space    used 8249K, committed 8768K, reserved 1048576K
}
Event: 819.491 GC heap after
{Heap after GC invocations=1831 (full 45):
 PSYoungGen      total 3584K, used 160K [0x00000000eab00000, 0x00000000eaf80000, 0x0000000100000000)
  eden space 3072K, 0% used [0x00000000eab00000,0x00000000eab00000,0x00000000eae00000)
  from space 512K, 31% used [0x00000000eae80000,0x00000000eaea8000,0x00000000eaf00000)
  to   space 512K, 0% used [0x00000000eaf00000,0x00000000eaf00000,0x00000000eaf80000)
 ParOldGen       total 184832K, used 160224K [0x00000000c0000000, 0x00000000cb480000, 0x00000000eab00000)
  object space 184832K, 86% used [0x00000000c0000000,0x00000000c9c783a0,0x00000000cb480000)
 Metaspace       used 83005K, committed 84288K, reserved 1130496K
  class space    used 8249K, committed 8768K, reserved 1048576K
}

