# JRE version: OpenJDK Runtime Environment Temurin-17.0.3+7 (17.0.3+7) (build 17.0.3+7)
# Java VM: OpenJDK 64-Bit Server VM Temurin-17.0.3+7 (17.0.3+7, mixed mode, emulated-client, tiered, compressed oops, compressed class ptrs, g1 gc, windows-amd64)
GC Precious Log:
 CPUs: 4 total, 4 available
 Memory: 4007M
 Large Page Support: Disabled
 NUMA Support: Disabled
 Compressed Oops: Enabled (32-bit)
 Heap Region Size: 1M
 Heap Min Capacity: 8M
 Heap Initial Capacity: 64M
 Heap Max Capacity: 1002M
 Pre-touch: Disabled
 Parallel Workers: 4
 Concurrent Workers: 1
 Concurrent Refinement Workers: 4
 Periodic GC: Disabled
Heap:
 garbage-first heap   total 56320K, used 20266K [0x00000000c1600000, 0x0000000100000000)
  region size 1024K, 1 young (1024K), 0 survivors (0K)
 Metaspace       used 39940K, committed 40512K, reserved 1089536K
  class space    used 5062K, committed 5312K, reserved 1048576K
GC Heap History (20 events):
Event: 450.347 GC heap before
{Heap before GC invocations=49 (full 29):
 garbage-first heap   total 56320K, used 20266K [0x00000000c1600000, 0x0000000100000000)
  region size 1024K, 1 young (1024K), 0 survivors (0K)
 Metaspace       used 39940K, committed 40512K, reserved 1089536K
  class space    used 5062K, committed 5312K, reserved 1048576K
}
Event: 450.389 GC heap after
{Heap after GC invocations=50 (full 30):
 garbage-first heap   total 56320K, used 20266K [0x00000000c1600000, 0x0000000100000000)
  region size 1024K, 0 young (0K), 0 survivors (0K)
 Metaspace       used 39940K, committed 40512K, reserved 1089536K
  class space    used 5062K, committed 5312K, reserved 1048576K
}
Event: 460.851 GC heap before
{Heap before GC invocations=50 (full 30):
 garbage-first heap   total 56320K, used 20266K [0x00000000c1600000, 0x0000000100000000)
  region size 1024K, 1 young (1024K), 0 survivors (0K)
 Metaspace       used 39940K, committed 40512K, reserved 1089536K
  class space    used 5062K, committed 5312K, reserved 1048576K
}
Event: 460.900 GC heap after
{Heap after GC invocations=51 (full 31):
 garbage-first heap   total 56320K, used 20266K [0x00000000c1600000, 0x0000000100000000)
  region size 1024K, 0 young (0K), 0 survivors (0K)
 Metaspace       used 39940K, committed 40512K, reserved 1089536K
  class space    used 5062K, committed 5312K, reserved 1048576K
}
Event: 471.464 GC heap before
{Heap before GC invocations=51 (full 31):
 garbage-first heap   total 56320K, used 20266K [0x00000000c1600000, 0x0000000100000000)
  region size 1024K, 1 young (1024K), 0 survivors (0K)
 Metaspace       used 39940K, committed 40512K, reserved 1089536K
  class space    used 5062K, committed 5312K, reserved 1048576K
}
Event: 471.507 GC heap after
{Heap after GC invocations=52 (full 32):
 garbage-first heap   total 56320K, used 20266K [0x00000000c1600000, 0x0000000100000000)
  region size 1024K, 0 young (0K), 0 survivors (0K)
 Metaspace       used 39940K, committed 40512K, reserved 1089536K
  class space    used 5062K, committed 5312K, reserved 1048576K
}
Event: 481.919 GC heap before
{Heap before GC invocations=52 (full 32):
 garbage-first heap   total 56320K, used 20266K [0x00000000c1600000, 0x0000000100000000)
  region size 1024K, 1 young (1024K), 0 survivors (0K)
 Metaspace       used 39940K, committed 40512K, reserved 1089536K
  class space    used 5062K, committed 5312K, reserved 1048576K
}
Event: 481.958 GC heap after
{Heap after GC invocations=53 (full 33):
 garbage-first heap   total 56320K, used 20266K [0x00000000c1600000, 0x0000000100000000)
  region size 1024K, 0 young (0K), 0 survivors (0K)
 Metaspace       used 39940K, committed 40512K, reserved 1089536K
  class space    used 5062K, committed 5312K, reserved 1048576K
}
Event: 492.667 GC heap before
{Heap before GC invocations=53 (full 33):
 garbage-first heap   total 56320K, used 20266K [0x00000000c1600000, 0x0000000100000000)
  region size 1024K, 1 young (1024K), 0 survivors (0K)
 Metaspace       used 39940K, committed 40512K, reserved 1089536K
  class space    used 5062K, committed 5312K, reserved 1048576K
}
Event: 492.710 GC heap after
{Heap after GC invocations=54 (full 34):
 garbage-first heap   total 56320K, used 20266K [0x00000000c1600000, 0x0000000100000000)
  region size 1024K, 0 young (0K), 0 survivors (0K)
 Metaspace       used 39940K, committed 40512K, reserved 1089536K
  class space    used 5062K, committed 5312K, reserved 1048576K
}
Event: 503.076 GC heap before
{Heap before GC invocations=54 (full 34):
 garbage-first heap   total 56320K, used 20266K [0x00000000c1600000, 0x0000000100000000)
  region size 1024K, 1 young (1024K), 0 survivors (0K)
 Metaspace       used 39940K, committed 40512K, reserved 1089536K
  class space    used 5062K, committed 5312K, reserved 1048576K
}
Event: 503.117 GC heap after
{Heap after GC invocations=55 (full 35):
 garbage-first heap   total 56320K, used 20266K [0x00000000c1600000, 0x0000000100000000)
  region size 1024K, 0 young (0K), 0 survivors (0K)
 Metaspace       used 39940K, committed 40512K, reserved 1089536K
  class space    used 5062K, committed 5312K, reserved 1048576K
}
Event: 513.476 GC heap before
{Heap before GC invocations=55 (full 35):
 garbage-first heap   total 56320K, used 20266K [0x00000000c1600000, 0x0000000100000000)
  region size 1024K, 1 young (1024K), 0 survivors (0K)
 Metaspace       used 39940K, committed 40512K, reserved 1089536K
  class space    used 5062K, committed 5312K, reserved 1048576K
}
Event: 513.514 GC heap after
{Heap after GC invocations=56 (full 36):
 garbage-first heap   total 56320K, used 20266K [0x00000000c1600000, 0x0000000100000000)
  region size 1024K, 0 young (0K), 0 survivors (0K)
 Metaspace       used 39940K, committed 40512K, reserved 1089536K
  class space    used 5062K, committed 5312K, reserved 1048576K
}
Event: 523.954 GC heap before
{Heap before GC invocations=56 (full 36):
 garbage-first heap   total 56320K, used 20266K [0x00000000c1600000, 0x0000000100000000)
  region size 1024K, 1 young (1024K), 0 survivors (0K)
 Metaspace       used 39940K, committed 40512K, reserved 1089536K
  class space    used 5062K, committed 5312K, reserved 1048576K
}
Event: 523.995 GC heap after
{Heap after GC invocations=57 (full 37):
 garbage-first heap   total 56320K, used 20266K [0x00000000c1600000, 0x0000000100000000)
  region size 1024K, 0 young (0K), 0 survivors (0K)
 Metaspace       used 39940K, committed 40512K, reserved 1089536K
  class space    used 5062K, committed 5312K, reserved 1048576K
}
Event: 534.464 GC heap before
{Heap before GC invocations=57 (full 37):
 garbage-first heap   total 56320K, used 20266K [0x00000000c1600000, 0x0000000100000000)
  region size 1024K, 1 young (1024K), 0 survivors (0K)
 Metaspace       used 39940K, committed 40512K, reserved 1089536K
  class space    used 5062K, committed 5312K, reserved 1048576K
}
Event: 534.504 GC heap after
{Heap after GC invocations=58 (full 38):
 garbage-first heap   total 56320K, used 20266K [0x00000000c1600000, 0x0000000100000000)
  region size 1024K, 0 young (0K), 0 survivors (0K)
 Metaspace       used 39940K, committed 40512K, reserved 1089536K
  class space    used 5062K, committed 5312K, reserved 1048576K
}
Event: 545.723 GC heap before
{Heap before GC invocations=58 (full 38):
 garbage-first heap   total 56320K, used 20266K [0x00000000c1600000, 0x0000000100000000)
  region size 1024K, 1 young (1024K), 0 survivors (0K)
 Metaspace       used 39940K, committed 40512K, reserved 1089536K
  class space    used 5062K, committed 5312K, reserved 1048576K
}
Event: 545.771 GC heap after
{Heap after GC invocations=59 (full 39):
 garbage-first heap   total 56320K, used 20266K [0x00000000c1600000, 0x0000000100000000)
  region size 1024K, 0 young (0K), 0 survivors (0K)
 Metaspace       used 39940K, committed 40512K, reserved 1089536K
  class space    used 5062K, committed 5312K, reserved 1048576K
}

