# JRE version: OpenJDK Runtime Environment Temurin-17.0.2+8 (17.0.2+8) (build 17.0.2+8)
# Java VM: OpenJDK 64-Bit Server VM Temurin-17.0.2+8 (17.0.2+8, mixed mode, tiered, compressed oops, compressed class ptrs, g1 gc, windows-amd64)
GC Precious Log:
 CPUs: 4 total, 4 available
 Memory: 4007M
 Large Page Support: Disabled
 NUMA Support: Disabled
 Compressed Oops: Enabled (32-bit)
 Heap Region Size: 1M
 Heap Min Capacity: 8M
 Heap Initial Capacity: 64M
 Heap Max Capacity: 1002M
 Pre-touch: Disabled
 Parallel Workers: 4
 Concurrent Workers: 1
 Concurrent Refinement Workers: 4
 Periodic GC: Disabled
Heap:
 garbage-first heap   total 174080K, used 93020K [0x00000000c1600000, 0x0000000100000000)
  region size 1024K, 47 young (48128K), 3 survivors (3072K)
 Metaspace       used 58503K, committed 58880K, reserved 1105920K
  class space    used 7493K, committed 7680K, reserved 1048576K
GC Heap History (20 events):
Event: 95.028 GC heap before
{Heap before GC invocations=37 (full 0):
 garbage-first heap   total 60416K, used 44103K [0x00000000c1600000, 0x0000000100000000)
  region size 1024K, 13 young (13312K), 2 survivors (2048K)
 Metaspace       used 57703K, committed 58112K, reserved 1105920K
  class space    used 7444K, committed 7616K, reserved 1048576K
}
Event: 95.036 GC heap after
{Heap after GC invocations=38 (full 0):
 garbage-first heap   total 60416K, used 35820K [0x00000000c1600000, 0x0000000100000000)
  region size 1024K, 2 young (2048K), 2 survivors (2048K)
 Metaspace       used 57703K, committed 58112K, reserved 1105920K
  class space    used 7444K, committed 7616K, reserved 1048576K
}
Event: 95.249 GC heap before
{Heap before GC invocations=38 (full 0):
 garbage-first heap   total 60416K, used 45036K [0x00000000c1600000, 0x0000000100000000)
  region size 1024K, 13 young (13312K), 2 survivors (2048K)
 Metaspace       used 57749K, committed 58112K, reserved 1105920K
  class space    used 7444K, committed 7616K, reserved 1048576K
}
Event: 95.259 GC heap after
{Heap after GC invocations=39 (full 0):
 garbage-first heap   total 60416K, used 38548K [0x00000000c1600000, 0x0000000100000000)
  region size 1024K, 2 young (2048K), 2 survivors (2048K)
 Metaspace       used 57749K, committed 58112K, reserved 1105920K
  class space    used 7444K, committed 7616K, reserved 1048576K
}
Event: 95.711 GC heap before
{Heap before GC invocations=40 (full 0):
 garbage-first heap   total 68608K, used 47764K [0x00000000c1600000, 0x0000000100000000)
  region size 1024K, 11 young (11264K), 2 survivors (2048K)
 Metaspace       used 57759K, committed 58176K, reserved 1105920K
  class space    used 7444K, committed 7616K, reserved 1048576K
}
Event: 95.716 GC heap after
{Heap after GC invocations=41 (full 0):
 garbage-first heap   total 68608K, used 40267K [0x00000000c1600000, 0x0000000100000000)
  region size 1024K, 2 young (2048K), 2 survivors (2048K)
 Metaspace       used 57759K, committed 58176K, reserved 1105920K
  class space    used 7444K, committed 7616K, reserved 1048576K
}
Event: 96.190 GC heap before
{Heap before GC invocations=41 (full 0):
 garbage-first heap   total 68608K, used 52555K [0x00000000c1600000, 0x0000000100000000)
  region size 1024K, 15 young (15360K), 2 survivors (2048K)
 Metaspace       used 57832K, committed 58240K, reserved 1105920K
  class space    used 7446K, committed 7616K, reserved 1048576K
}
Event: 96.199 GC heap after
{Heap after GC invocations=42 (full 0):
 garbage-first heap   total 68608K, used 44008K [0x00000000c1600000, 0x0000000100000000)
  region size 1024K, 2 young (2048K), 2 survivors (2048K)
 Metaspace       used 57832K, committed 58240K, reserved 1105920K
  class space    used 7446K, committed 7616K, reserved 1048576K
}
Event: 98.419 GC heap before
{Heap before GC invocations=43 (full 0):
 garbage-first heap   total 81920K, used 52200K [0x00000000c1600000, 0x0000000100000000)
  region size 1024K, 11 young (11264K), 2 survivors (2048K)
 Metaspace       used 57941K, committed 58368K, reserved 1105920K
  class space    used 7456K, committed 7680K, reserved 1048576K
}
Event: 98.427 GC heap after
{Heap after GC invocations=44 (full 0):
 garbage-first heap   total 81920K, used 47258K [0x00000000c1600000, 0x0000000100000000)
  region size 1024K, 2 young (2048K), 2 survivors (2048K)
 Metaspace       used 57941K, committed 58368K, reserved 1105920K
  class space    used 7456K, committed 7680K, reserved 1048576K
}
Event: 98.444 GC heap before
{Heap before GC invocations=44 (full 0):
 garbage-first heap   total 81920K, used 49306K [0x00000000c1600000, 0x0000000100000000)
  region size 1024K, 4 young (4096K), 2 survivors (2048K)
 Metaspace       used 57947K, committed 58368K, reserved 1105920K
  class space    used 7456K, committed 7680K, reserved 1048576K
}
Event: 98.451 GC heap after
{Heap after GC invocations=45 (full 0):
 garbage-first heap   total 81920K, used 47671K [0x00000000c1600000, 0x0000000100000000)
  region size 1024K, 1 young (1024K), 1 survivors (1024K)
 Metaspace       used 57947K, committed 58368K, reserved 1105920K
  class space    used 7456K, committed 7680K, reserved 1048576K
}
Event: 98.612 GC heap before
{Heap before GC invocations=45 (full 0):
 garbage-first heap   total 81920K, used 57911K [0x00000000c1600000, 0x0000000100000000)
  region size 1024K, 13 young (13312K), 1 survivors (1024K)
 Metaspace       used 57948K, committed 58368K, reserved 1105920K
  class space    used 7456K, committed 7680K, reserved 1048576K
}
Event: 98.617 GC heap after
{Heap after GC invocations=46 (full 0):
 garbage-first heap   total 81920K, used 50176K [0x00000000c1600000, 0x0000000100000000)
  region size 1024K, 2 young (2048K), 2 survivors (2048K)
 Metaspace       used 57948K, committed 58368K, reserved 1105920K
  class space    used 7456K, committed 7680K, reserved 1048576K
}
Event: 99.252 GC heap before
{Heap before GC invocations=47 (full 0):
 garbage-first heap   total 87040K, used 60416K [0x00000000c1600000, 0x0000000100000000)
  region size 1024K, 14 young (14336K), 2 survivors (2048K)
 Metaspace       used 57954K, committed 58368K, reserved 1105920K
  class space    used 7456K, committed 7680K, reserved 1048576K
}
Event: 99.259 GC heap after
{Heap after GC invocations=48 (full 0):
 garbage-first heap   total 87040K, used 50708K [0x00000000c1600000, 0x0000000100000000)
  region size 1024K, 2 young (2048K), 2 survivors (2048K)
 Metaspace       used 57954K, committed 58368K, reserved 1105920K
  class space    used 7456K, committed 7680K, reserved 1048576K
}
Event: 99.297 GC heap before
{Heap before GC invocations=48 (full 0):
 garbage-first heap   total 87040K, used 52756K [0x00000000c1600000, 0x0000000100000000)
  region size 1024K, 4 young (4096K), 2 survivors (2048K)
 Metaspace       used 57956K, committed 58368K, reserved 1105920K
  class space    used 7456K, committed 7680K, reserved 1048576K
}
Event: 99.301 GC heap after
{Heap after GC invocations=49 (full 0):
 garbage-first heap   total 87040K, used 42376K [0x00000000c1600000, 0x0000000100000000)
  region size 1024K, 1 young (1024K), 1 survivors (1024K)
 Metaspace       used 57956K, committed 58368K, reserved 1105920K
  class space    used 7456K, committed 7680K, reserved 1048576K
}
Event: 105.803 GC heap before
{Heap before GC invocations=49 (full 0):
 garbage-first heap   total 87040K, used 62856K [0x00000000c1600000, 0x0000000100000000)
  region size 1024K, 21 young (21504K), 1 survivors (1024K)
 Metaspace       used 58042K, committed 58496K, reserved 1105920K
  class space    used 7456K, committed 7680K, reserved 1048576K
}
Event: 105.831 GC heap after
{Heap after GC invocations=50 (full 0):
 garbage-first heap   total 174080K, used 48988K [0x00000000c1600000, 0x0000000100000000)
  region size 1024K, 3 young (3072K), 3 survivors (3072K)
 Metaspace       used 58042K, committed 58496K, reserved 1105920K
  class space    used 7456K, committed 7680K, reserved 1048576K
}

