# JRE version: OpenJDK Runtime Environment Temurin-17.0.2+8 (17.0.2+8) (build 17.0.2+8)
# Java VM: OpenJDK 64-Bit Server VM Temurin-17.0.2+8 (17.0.2+8, mixed mode, emulated-client, tiered, compressed oops, compressed class ptrs, g1 gc, windows-amd64)
GC Precious Log:
 CPUs: 4 total, 4 available
 Memory: 4007M
 Large Page Support: Disabled
 NUMA Support: Disabled
 Compressed Oops: Enabled (32-bit)
 Heap Region Size: 1M
 Heap Min Capacity: 8M
 Heap Initial Capacity: 64M
 Heap Max Capacity: 1002M
 Pre-touch: Disabled
 Parallel Workers: 4
 Concurrent Workers: 1
 Concurrent Refinement Workers: 4
 Periodic GC: Disabled
Heap:
 garbage-first heap   total 34816K, used 10017K [0x00000000c1600000, 0x0000000100000000)
  region size 1024K, 1 young (1024K), 0 survivors (0K)
 Metaspace       used 28859K, committed 29248K, reserved 1081344K
  class space    used 3865K, committed 4032K, reserved 1048576K
GC Heap History (20 events):
Event: 118.629 GC heap before
{Heap before GC invocations=9 (full 2):
 garbage-first heap   total 34816K, used 10008K [0x00000000c1600000, 0x0000000100000000)
  region size 1024K, 1 young (1024K), 0 survivors (0K)
 Metaspace       used 28858K, committed 29248K, reserved 1081344K
  class space    used 3864K, committed 4032K, reserved 1048576K
}
Event: 118.664 GC heap after
{Heap after GC invocations=10 (full 3):
 garbage-first heap   total 34816K, used 10017K [0x00000000c1600000, 0x0000000100000000)
  region size 1024K, 0 young (0K), 0 survivors (0K)
 Metaspace       used 28858K, committed 29248K, reserved 1081344K
  class space    used 3864K, committed 4032K, reserved 1048576K
}
Event: 136.063 GC heap before
{Heap before GC invocations=10 (full 3):
 garbage-first heap   total 34816K, used 10017K [0x00000000c1600000, 0x0000000100000000)
  region size 1024K, 1 young (1024K), 0 survivors (0K)
 Metaspace       used 28858K, committed 29248K, reserved 1081344K
  class space    used 3864K, committed 4032K, reserved 1048576K
}
Event: 136.098 GC heap after
{Heap after GC invocations=11 (full 4):
 garbage-first heap   total 34816K, used 10017K [0x00000000c1600000, 0x0000000100000000)
  region size 1024K, 0 young (0K), 0 survivors (0K)
 Metaspace       used 28858K, committed 29248K, reserved 1081344K
  class space    used 3864K, committed 4032K, reserved 1048576K
}
Event: 146.812 GC heap before
{Heap before GC invocations=11 (full 4):
 garbage-first heap   total 34816K, used 10017K [0x00000000c1600000, 0x0000000100000000)
  region size 1024K, 1 young (1024K), 0 survivors (0K)
 Metaspace       used 28858K, committed 29248K, reserved 1081344K
  class space    used 3864K, committed 4032K, reserved 1048576K
}
Event: 146.842 GC heap after
{Heap after GC invocations=12 (full 5):
 garbage-first heap   total 34816K, used 10017K [0x00000000c1600000, 0x0000000100000000)
  region size 1024K, 0 young (0K), 0 survivors (0K)
 Metaspace       used 28858K, committed 29248K, reserved 1081344K
  class space    used 3864K, committed 4032K, reserved 1048576K
}
Event: 159.231 GC heap before
{Heap before GC invocations=12 (full 5):
 garbage-first heap   total 34816K, used 10017K [0x00000000c1600000, 0x0000000100000000)
  region size 1024K, 1 young (1024K), 0 survivors (0K)
 Metaspace       used 28858K, committed 29248K, reserved 1081344K
  class space    used 3864K, committed 4032K, reserved 1048576K
}
Event: 159.267 GC heap after
{Heap after GC invocations=13 (full 6):
 garbage-first heap   total 34816K, used 10017K [0x00000000c1600000, 0x0000000100000000)
  region size 1024K, 0 young (0K), 0 survivors (0K)
 Metaspace       used 28858K, committed 29248K, reserved 1081344K
  class space    used 3864K, committed 4032K, reserved 1048576K
}
Event: 171.200 GC heap before
{Heap before GC invocations=13 (full 6):
 garbage-first heap   total 34816K, used 10017K [0x00000000c1600000, 0x0000000100000000)
  region size 1024K, 1 young (1024K), 0 survivors (0K)
 Metaspace       used 28858K, committed 29248K, reserved 1081344K
  class space    used 3864K, committed 4032K, reserved 1048576K
}
Event: 171.241 GC heap after
{Heap after GC invocations=14 (full 7):
 garbage-first heap   total 34816K, used 10017K [0x00000000c1600000, 0x0000000100000000)
  region size 1024K, 0 young (0K), 0 survivors (0K)
 Metaspace       used 28858K, committed 29248K, reserved 1081344K
  class space    used 3864K, committed 4032K, reserved 1048576K
}
Event: 189.055 GC heap before
{Heap before GC invocations=14 (full 7):
 garbage-first heap   total 34816K, used 10017K [0x00000000c1600000, 0x0000000100000000)
  region size 1024K, 1 young (1024K), 0 survivors (0K)
 Metaspace       used 28858K, committed 29248K, reserved 1081344K
  class space    used 3864K, committed 4032K, reserved 1048576K
}
Event: 189.086 GC heap after
{Heap after GC invocations=15 (full 8):
 garbage-first heap   total 34816K, used 10017K [0x00000000c1600000, 0x0000000100000000)
  region size 1024K, 0 young (0K), 0 survivors (0K)
 Metaspace       used 28858K, committed 29248K, reserved 1081344K
  class space    used 3864K, committed 4032K, reserved 1048576K
}
Event: 201.193 GC heap before
{Heap before GC invocations=15 (full 8):
 garbage-first heap   total 34816K, used 10017K [0x00000000c1600000, 0x0000000100000000)
  region size 1024K, 1 young (1024K), 0 survivors (0K)
 Metaspace       used 28858K, committed 29248K, reserved 1081344K
  class space    used 3864K, committed 4032K, reserved 1048576K
}
Event: 201.226 GC heap after
{Heap after GC invocations=16 (full 9):
 garbage-first heap   total 34816K, used 10017K [0x00000000c1600000, 0x0000000100000000)
  region size 1024K, 0 young (0K), 0 survivors (0K)
 Metaspace       used 28858K, committed 29248K, reserved 1081344K
  class space    used 3864K, committed 4032K, reserved 1048576K
}
Event: 213.635 GC heap before
{Heap before GC invocations=16 (full 9):
 garbage-first heap   total 34816K, used 10017K [0x00000000c1600000, 0x0000000100000000)
  region size 1024K, 1 young (1024K), 0 survivors (0K)
 Metaspace       used 28858K, committed 29248K, reserved 1081344K
  class space    used 3864K, committed 4032K, reserved 1048576K
}
Event: 213.665 GC heap after
{Heap after GC invocations=17 (full 10):
 garbage-first heap   total 34816K, used 10017K [0x00000000c1600000, 0x0000000100000000)
  region size 1024K, 0 young (0K), 0 survivors (0K)
 Metaspace       used 28858K, committed 29248K, reserved 1081344K
  class space    used 3864K, committed 4032K, reserved 1048576K
}
Event: 226.317 GC heap before
{Heap before GC invocations=17 (full 10):
 garbage-first heap   total 34816K, used 10017K [0x00000000c1600000, 0x0000000100000000)
  region size 1024K, 1 young (1024K), 0 survivors (0K)
 Metaspace       used 28858K, committed 29248K, reserved 1081344K
  class space    used 3864K, committed 4032K, reserved 1048576K
}
Event: 226.351 GC heap after
{Heap after GC invocations=18 (full 11):
 garbage-first heap   total 34816K, used 10017K [0x00000000c1600000, 0x0000000100000000)
  region size 1024K, 0 young (0K), 0 survivors (0K)
 Metaspace       used 28858K, committed 29248K, reserved 1081344K
  class space    used 3864K, committed 4032K, reserved 1048576K
}
Event: 237.194 GC heap before
{Heap before GC invocations=18 (full 11):
 garbage-first heap   total 34816K, used 10017K [0x00000000c1600000, 0x0000000100000000)
  region size 1024K, 1 young (1024K), 0 survivors (0K)
 Metaspace       used 28858K, committed 29248K, reserved 1081344K
  class space    used 3864K, committed 4032K, reserved 1048576K
}
Event: 237.224 GC heap after
{Heap after GC invocations=19 (full 12):
 garbage-first heap   total 34816K, used 10017K [0x00000000c1600000, 0x0000000100000000)
  region size 1024K, 0 young (0K), 0 survivors (0K)
 Metaspace       used 28858K, committed 29248K, reserved 1081344K
  class space    used 3864K, committed 4032K, reserved 1048576K
}

