# JRE version: OpenJDK Runtime Environment Temurin-17.0.3+7 (17.0.3+7) (build 17.0.3+7)
# Java VM: OpenJDK 64-Bit Server VM Temurin-17.0.3+7 (17.0.3+7, mixed mode, tiered, compressed oops, compressed class ptrs, parallel gc, windows-amd64)
GC Precious Log:
 CPUs: 4 total, 4 available
 Memory: 4007M
 Large Page Support: Disabled
 NUMA Support: Disabled
 Compressed Oops: Enabled (32-bit)
 Alignments: Space 512K, Generation 512K, Heap 2M
 Heap Min Capacity: 100M
 Heap Initial Capacity: 100M
 Heap Max Capacity: 1G
 Pre-touch: Disabled
 Parallel Workers: 4
Heap:
 PSYoungGen      total 19456K, used 18590K [0x00000000eab00000, 0x00000000ec400000, 0x0000000100000000)
  eden space 18432K, 95% used [0x00000000eab00000,0x00000000ebc2e8c0,0x00000000ebd00000)
  from space 1024K, 97% used [0x00000000ec000000,0x00000000ec0f91a0,0x00000000ec100000)
  to   space 3072K, 0% used [0x00000000ebd00000,0x00000000ebd00000,0x00000000ec000000)
 ParOldGen       total 68608K, used 24631K [0x00000000c0000000, 0x00000000c4300000, 0x00000000eab00000)
  object space 68608K, 35% used [0x00000000c0000000,0x00000000c180dd18,0x00000000c4300000)
 Metaspace       used 42757K, committed 43392K, reserved 1089536K
  class space    used 4319K, committed 4608K, reserved 1048576K
GC Heap History (20 events):
Event: 52.479 GC heap before
{Heap before GC invocations=9 (full 1):
 PSYoungGen      total 26112K, used 26111K [0x00000000eab00000, 0x00000000ec880000, 0x0000000100000000)
  eden space 24064K, 100% used [0x00000000eab00000,0x00000000ec280000,0x00000000ec280000)
  from space 2048K, 99% used [0x00000000ec400000,0x00000000ec5fff80,0x00000000ec600000)
  to   space 2560K, 0% used [0x00000000ec600000,0x00000000ec600000,0x00000000ec880000)
 ParOldGen       total 68608K, used 7481K [0x00000000c0000000, 0x00000000c4300000, 0x00000000eab00000)
  object space 68608K, 10% used [0x00000000c0000000,0x00000000c074e4f0,0x00000000c4300000)
 Metaspace       used 34139K, committed 34816K, reserved 1081344K
  class space    used 3452K, committed 3776K, reserved 1048576K
}
Event: 52.489 GC heap after
{Heap after GC invocations=9 (full 1):
 PSYoungGen      total 25088K, used 2539K [0x00000000eab00000, 0x00000000ecc00000, 0x0000000100000000)
  eden space 22528K, 0% used [0x00000000eab00000,0x00000000eab00000,0x00000000ec100000)
  from space 2560K, 99% used [0x00000000ec600000,0x00000000ec87adf8,0x00000000ec880000)
  to   space 5120K, 0% used [0x00000000ec100000,0x00000000ec100000,0x00000000ec600000)
 ParOldGen       total 68608K, used 9249K [0x00000000c0000000, 0x00000000c4300000, 0x00000000eab00000)
  object space 68608K, 13% used [0x00000000c0000000,0x00000000c09084f0,0x00000000c4300000)
 Metaspace       used 34139K, committed 34816K, reserved 1081344K
  class space    used 3452K, committed 3776K, reserved 1048576K
}
Event: 53.115 GC heap before
{Heap before GC invocations=10 (full 1):
 PSYoungGen      total 25088K, used 25067K [0x00000000eab00000, 0x00000000ecc00000, 0x0000000100000000)
  eden space 22528K, 100% used [0x00000000eab00000,0x00000000ec100000,0x00000000ec100000)
  from space 2560K, 99% used [0x00000000ec600000,0x00000000ec87adf8,0x00000000ec880000)
  to   space 5120K, 0% used [0x00000000ec100000,0x00000000ec100000,0x00000000ec600000)
 ParOldGen       total 68608K, used 9249K [0x00000000c0000000, 0x00000000c4300000, 0x00000000eab00000)
  object space 68608K, 13% used [0x00000000c0000000,0x00000000c09084f0,0x00000000c4300000)
 Metaspace       used 34212K, committed 34880K, reserved 1081344K
  class space    used 3453K, committed 3776K, reserved 1048576K
}
Event: 53.125 GC heap after
{Heap after GC invocations=10 (full 1):
 PSYoungGen      total 26112K, used 3813K [0x00000000eab00000, 0x00000000ec880000, 0x0000000100000000)
  eden space 22016K, 0% used [0x00000000eab00000,0x00000000eab00000,0x00000000ec080000)
  from space 4096K, 93% used [0x00000000ec100000,0x00000000ec4b9750,0x00000000ec500000)
  to   space 3584K, 0% used [0x00000000ec500000,0x00000000ec500000,0x00000000ec880000)
 ParOldGen       total 68608K, used 10051K [0x00000000c0000000, 0x00000000c4300000, 0x00000000eab00000)
  object space 68608K, 14% used [0x00000000c0000000,0x00000000c09d0fe0,0x00000000c4300000)
 Metaspace       used 34212K, committed 34880K, reserved 1081344K
  class space    used 3453K, committed 3776K, reserved 1048576K
}
Event: 53.626 GC heap before
{Heap before GC invocations=11 (full 1):
 PSYoungGen      total 26112K, used 25829K [0x00000000eab00000, 0x00000000ec880000, 0x0000000100000000)
  eden space 22016K, 100% used [0x00000000eab00000,0x00000000ec080000,0x00000000ec080000)
  from space 4096K, 93% used [0x00000000ec100000,0x00000000ec4b9750,0x00000000ec500000)
  to   space 3584K, 0% used [0x00000000ec500000,0x00000000ec500000,0x00000000ec880000)
 ParOldGen       total 68608K, used 10051K [0x00000000c0000000, 0x00000000c4300000, 0x00000000eab00000)
  object space 68608K, 14% used [0x00000000c0000000,0x00000000c09d0fe0,0x00000000c4300000)
 Metaspace       used 34265K, committed 34944K, reserved 1081344K
  class space    used 3466K, committed 3776K, reserved 1048576K
}
Event: 53.641 GC heap after
{Heap after GC invocations=11 (full 1):
 PSYoungGen      total 23040K, used 3552K [0x00000000eab00000, 0x00000000ece80000, 0x0000000100000000)
  eden space 19456K, 0% used [0x00000000eab00000,0x00000000eab00000,0x00000000ebe00000)
  from space 3584K, 99% used [0x00000000ec500000,0x00000000ec878010,0x00000000ec880000)
  to   space 7168K, 0% used [0x00000000ebe00000,0x00000000ebe00000,0x00000000ec500000)
 ParOldGen       total 68608K, used 12964K [0x00000000c0000000, 0x00000000c4300000, 0x00000000eab00000)
  object space 68608K, 18% used [0x00000000c0000000,0x00000000c0ca92d0,0x00000000c4300000)
 Metaspace       used 34265K, committed 34944K, reserved 1081344K
  class space    used 3466K, committed 3776K, reserved 1048576K
}
Event: 53.918 GC heap before
{Heap before GC invocations=12 (full 1):
 PSYoungGen      total 23040K, used 23008K [0x00000000eab00000, 0x00000000ece80000, 0x0000000100000000)
  eden space 19456K, 100% used [0x00000000eab00000,0x00000000ebe00000,0x00000000ebe00000)
  from space 3584K, 99% used [0x00000000ec500000,0x00000000ec878010,0x00000000ec880000)
  to   space 7168K, 0% used [0x00000000ebe00000,0x00000000ebe00000,0x00000000ec500000)
 ParOldGen       total 68608K, used 12964K [0x00000000c0000000, 0x00000000c4300000, 0x00000000eab00000)
  object space 68608K, 18% used [0x00000000c0000000,0x00000000c0ca92d0,0x00000000c4300000)
 Metaspace       used 34265K, committed 34944K, reserved 1081344K
  class space    used 3466K, committed 3776K, reserved 1048576K
}
Event: 53.932 GC heap after
{Heap after GC invocations=12 (full 1):
 PSYoungGen      total 22016K, used 2144K [0x00000000eab00000, 0x00000000ec600000, 0x0000000100000000)
  eden space 19456K, 0% used [0x00000000eab00000,0x00000000eab00000,0x00000000ebe00000)
  from space 2560K, 83% used [0x00000000ebe00000,0x00000000ec018000,0x00000000ec080000)
  to   space 4096K, 0% used [0x00000000ec200000,0x00000000ec200000,0x00000000ec600000)
 ParOldGen       total 68608K, used 16537K [0x00000000c0000000, 0x00000000c4300000, 0x00000000eab00000)
  object space 68608K, 24% used [0x00000000c0000000,0x00000000c1026638,0x00000000c4300000)
 Metaspace       used 34265K, committed 34944K, reserved 1081344K
  class space    used 3466K, committed 3776K, reserved 1048576K
}
Event: 54.413 GC heap before
{Heap before GC invocations=13 (full 1):
 PSYoungGen      total 22016K, used 21600K [0x00000000eab00000, 0x00000000ec600000, 0x0000000100000000)
  eden space 19456K, 100% used [0x00000000eab00000,0x00000000ebe00000,0x00000000ebe00000)
  from space 2560K, 83% used [0x00000000ebe00000,0x00000000ec018000,0x00000000ec080000)
  to   space 4096K, 0% used [0x00000000ec200000,0x00000000ec200000,0x00000000ec600000)
 ParOldGen       total 68608K, used 16537K [0x00000000c0000000, 0x00000000c4300000, 0x00000000eab00000)
  object space 68608K, 24% used [0x00000000c0000000,0x00000000c1026638,0x00000000c4300000)
 Metaspace       used 34265K, committed 34944K, reserved 1081344K
  class space    used 3466K, committed 3776K, reserved 1048576K
}
Event: 54.433 GC heap after
{Heap after GC invocations=13 (full 1):
 PSYoungGen      total 22016K, used 2208K [0x00000000eab00000, 0x00000000ec480000, 0x0000000100000000)
  eden space 19456K, 0% used [0x00000000eab00000,0x00000000eab00000,0x00000000ebe00000)
  from space 2560K, 86% used [0x00000000ec200000,0x00000000ec428010,0x00000000ec480000)
  to   space 2560K, 0% used [0x00000000ebe00000,0x00000000ebe00000,0x00000000ec080000)
 ParOldGen       total 68608K, used 18649K [0x00000000c0000000, 0x00000000c4300000, 0x00000000eab00000)
  object space 68608K, 27% used [0x00000000c0000000,0x00000000c1236638,0x00000000c4300000)
 Metaspace       used 34265K, committed 34944K, reserved 1081344K
  class space    used 3466K, committed 3776K, reserved 1048576K
}
Event: 56.168 GC heap before
{Heap before GC invocations=14 (full 1):
 PSYoungGen      total 22016K, used 14535K [0x00000000eab00000, 0x00000000ec480000, 0x0000000100000000)
  eden space 19456K, 63% used [0x00000000eab00000,0x00000000eb709ce0,0x00000000ebe00000)
  from space 2560K, 86% used [0x00000000ec200000,0x00000000ec428010,0x00000000ec480000)
  to   space 2560K, 0% used [0x00000000ebe00000,0x00000000ebe00000,0x00000000ec080000)
 ParOldGen       total 68608K, used 18649K [0x00000000c0000000, 0x00000000c4300000, 0x00000000eab00000)
  object space 68608K, 27% used [0x00000000c0000000,0x00000000c1236638,0x00000000c4300000)
 Metaspace       used 35231K, committed 35840K, reserved 1081344K
  class space    used 3576K, committed 3904K, reserved 1048576K
}
Event: 56.182 GC heap after
{Heap after GC invocations=14 (full 1):
 PSYoungGen      total 22016K, used 2242K [0x00000000eab00000, 0x00000000ec300000, 0x0000000100000000)
  eden space 19456K, 0% used [0x00000000eab00000,0x00000000eab00000,0x00000000ebe00000)
  from space 2560K, 87% used [0x00000000ebe00000,0x00000000ec0308c8,0x00000000ec080000)
  to   space 2560K, 0% used [0x00000000ec080000,0x00000000ec080000,0x00000000ec300000)
 ParOldGen       total 68608K, used 20793K [0x00000000c0000000, 0x00000000c4300000, 0x00000000eab00000)
  object space 68608K, 30% used [0x00000000c0000000,0x00000000c144e648,0x00000000c4300000)
 Metaspace       used 35231K, committed 35840K, reserved 1081344K
  class space    used 3576K, committed 3904K, reserved 1048576K
}
Event: 56.182 GC heap before
{Heap before GC invocations=15 (full 2):
 PSYoungGen      total 22016K, used 2242K [0x00000000eab00000, 0x00000000ec300000, 0x0000000100000000)
  eden space 19456K, 0% used [0x00000000eab00000,0x00000000eab00000,0x00000000ebe00000)
  from space 2560K, 87% used [0x00000000ebe00000,0x00000000ec0308c8,0x00000000ec080000)
  to   space 2560K, 0% used [0x00000000ec080000,0x00000000ec080000,0x00000000ec300000)
 ParOldGen       total 68608K, used 20793K [0x00000000c0000000, 0x00000000c4300000, 0x00000000eab00000)
  object space 68608K, 30% used [0x00000000c0000000,0x00000000c144e648,0x00000000c4300000)
 Metaspace       used 35231K, committed 35840K, reserved 1081344K
  class space    used 3576K, committed 3904K, reserved 1048576K
}
Event: 56.307 GC heap after
{Heap after GC invocations=15 (full 2):
 PSYoungGen      total 22016K, used 0K [0x00000000eab00000, 0x00000000ec300000, 0x0000000100000000)
  eden space 19456K, 0% used [0x00000000eab00000,0x00000000eab00000,0x00000000ebe00000)
  from space 2560K, 0% used [0x00000000ebe00000,0x00000000ebe00000,0x00000000ec080000)
  to   space 2560K, 0% used [0x00000000ec080000,0x00000000ec080000,0x00000000ec300000)
 ParOldGen       total 68608K, used 22523K [0x00000000c0000000, 0x00000000c4300000, 0x00000000eab00000)
  object space 68608K, 32% used [0x00000000c0000000,0x00000000c15feee8,0x00000000c4300000)
 Metaspace       used 35231K, committed 35840K, reserved 1081344K
  class space    used 3576K, committed 3904K, reserved 1048576K
}
Event: 60.701 GC heap before
{Heap before GC invocations=16 (full 2):
 PSYoungGen      total 22016K, used 19451K [0x00000000eab00000, 0x00000000ec300000, 0x0000000100000000)
  eden space 19456K, 99% used [0x00000000eab00000,0x00000000ebdfeda0,0x00000000ebe00000)
  from space 2560K, 0% used [0x00000000ebe00000,0x00000000ebe00000,0x00000000ec080000)
  to   space 2560K, 0% used [0x00000000ec080000,0x00000000ec080000,0x00000000ec300000)
 ParOldGen       total 68608K, used 22523K [0x00000000c0000000, 0x00000000c4300000, 0x00000000eab00000)
  object space 68608K, 32% used [0x00000000c0000000,0x00000000c15feee8,0x00000000c4300000)
 Metaspace       used 36863K, committed 37504K, reserved 1089536K
  class space    used 3807K, committed 4096K, reserved 1048576K
}
Event: 60.709 GC heap after
{Heap after GC invocations=16 (full 2):
 PSYoungGen      total 20480K, used 683K [0x00000000eab00000, 0x00000000ec180000, 0x0000000100000000)
  eden space 19456K, 0% used [0x00000000eab00000,0x00000000eab00000,0x00000000ebe00000)
  from space 1024K, 66% used [0x00000000ec080000,0x00000000ec12adf8,0x00000000ec180000)
  to   space 1536K, 0% used [0x00000000ebe80000,0x00000000ebe80000,0x00000000ec000000)
 ParOldGen       total 68608K, used 22531K [0x00000000c0000000, 0x00000000c4300000, 0x00000000eab00000)
  object space 68608K, 32% used [0x00000000c0000000,0x00000000c1600ee8,0x00000000c4300000)
 Metaspace       used 36863K, committed 37504K, reserved 1089536K
  class space    used 3807K, committed 4096K, reserved 1048576K
}
Event: 69.738 GC heap before
{Heap before GC invocations=17 (full 2):
 PSYoungGen      total 20480K, used 20139K [0x00000000eab00000, 0x00000000ec180000, 0x0000000100000000)
  eden space 19456K, 100% used [0x00000000eab00000,0x00000000ebe00000,0x00000000ebe00000)
  from space 1024K, 66% used [0x00000000ec080000,0x00000000ec12adf8,0x00000000ec180000)
  to   space 1536K, 0% used [0x00000000ebe80000,0x00000000ebe80000,0x00000000ec000000)
 ParOldGen       total 68608K, used 22531K [0x00000000c0000000, 0x00000000c4300000, 0x00000000eab00000)
  object space 68608K, 32% used [0x00000000c0000000,0x00000000c1600ee8,0x00000000c4300000)
 Metaspace       used 39264K, committed 39936K, reserved 1089536K
  class space    used 4033K, committed 4352K, reserved 1048576K
}
Event: 69.746 GC heap after
{Heap after GC invocations=17 (full 2):
 PSYoungGen      total 20992K, used 1106K [0x00000000eab00000, 0x00000000ec100000, 0x0000000100000000)
  eden space 19456K, 0% used [0x00000000eab00000,0x00000000eab00000,0x00000000ebe00000)
  from space 1536K, 72% used [0x00000000ebe80000,0x00000000ebf94840,0x00000000ec000000)
  to   space 1024K, 0% used [0x00000000ec000000,0x00000000ec000000,0x00000000ec100000)
 ParOldGen       total 68608K, used 23133K [0x00000000c0000000, 0x00000000c4300000, 0x00000000eab00000)
  object space 68608K, 33% used [0x00000000c0000000,0x00000000c1697608,0x00000000c4300000)
 Metaspace       used 39264K, committed 39936K, reserved 1089536K
  class space    used 4033K, committed 4352K, reserved 1048576K
}
Event: 71.747 GC heap before
{Heap before GC invocations=18 (full 2):
 PSYoungGen      total 20992K, used 20562K [0x00000000eab00000, 0x00000000ec100000, 0x0000000100000000)
  eden space 19456K, 100% used [0x00000000eab00000,0x00000000ebe00000,0x00000000ebe00000)
  from space 1536K, 72% used [0x00000000ebe80000,0x00000000ebf94840,0x00000000ec000000)
  to   space 1024K, 0% used [0x00000000ec000000,0x00000000ec000000,0x00000000ec100000)
 ParOldGen       total 68608K, used 23133K [0x00000000c0000000, 0x00000000c4300000, 0x00000000eab00000)
  object space 68608K, 33% used [0x00000000c0000000,0x00000000c1697608,0x00000000c4300000)
 Metaspace       used 40181K, committed 40832K, reserved 1089536K
  class space    used 4104K, committed 4416K, reserved 1048576K
}
Event: 71.753 GC heap after
{Heap after GC invocations=18 (full 2):
 PSYoungGen      total 19456K, used 996K [0x00000000eab00000, 0x00000000ec400000, 0x0000000100000000)
  eden space 18432K, 0% used [0x00000000eab00000,0x00000000eab00000,0x00000000ebd00000)
  from space 1024K, 97% used [0x00000000ec000000,0x00000000ec0f91a0,0x00000000ec100000)
  to   space 3072K, 0% used [0x00000000ebd00000,0x00000000ebd00000,0x00000000ec000000)
 ParOldGen       total 68608K, used 24631K [0x00000000c0000000, 0x00000000c4300000, 0x00000000eab00000)
  object space 68608K, 35% used [0x00000000c0000000,0x00000000c180dd18,0x00000000c4300000)
 Metaspace       used 40181K, committed 40832K, reserved 1089536K
  class space    used 4104K, committed 4416K, reserved 1048576K
}

