# JRE version: OpenJDK Runtime Environment Temurin-17.0.3+7 (17.0.3+7) (build 17.0.3+7)
# Java VM: OpenJDK 64-Bit Server VM Temurin-17.0.3+7 (17.0.3+7, mixed mode, emulated-client, tiered, compressed oops, compressed class ptrs, g1 gc, windows-amd64)
GC Precious Log:
 CPUs: 4 total, 4 available
 Memory: 4007M
 Large Page Support: Disabled
 NUMA Support: Disabled
 Compressed Oops: Enabled (32-bit)
 Heap Region Size: 1M
 Heap Min Capacity: 8M
 Heap Initial Capacity: 64M
 Heap Max Capacity: 1002M
 Pre-touch: Disabled
 Parallel Workers: 4
 Concurrent Workers: 1
 Concurrent Refinement Workers: 4
 Periodic GC: Disabled
Heap:
 garbage-first heap   total 37888K, used 18028K [0x00000000c1600000, 0x0000000100000000)
  region size 1024K, 11 young (11264K), 4 survivors (4096K)
 Metaspace       used 25704K, committed 25984K, reserved 1073152K
  class space    used 3333K, committed 3456K, reserved 1048576K
GC Heap History (10 events):
Event: 5.820 GC heap before
{Heap before GC invocations=0 (full 0):
 garbage-first heap   total 65536K, used 13312K [0x00000000c1600000, 0x0000000100000000)
  region size 1024K, 13 young (13312K), 0 survivors (0K)
 Metaspace       used 8364K, committed 8512K, reserved 1056768K
  class space    used 924K, committed 1024K, reserved 1048576K
}
Event: 6.025 GC heap after
{Heap after GC invocations=1 (full 0):
 garbage-first heap   total 65536K, used 4224K [0x00000000c1600000, 0x0000000100000000)
  region size 1024K, 2 young (2048K), 2 survivors (2048K)
 Metaspace       used 8364K, committed 8512K, reserved 1056768K
  class space    used 924K, committed 1024K, reserved 1048576K
}
Event: 10.963 GC heap before
{Heap before GC invocations=1 (full 0):
 garbage-first heap   total 65536K, used 16512K [0x00000000c1600000, 0x0000000100000000)
  region size 1024K, 14 young (14336K), 2 survivors (2048K)
 Metaspace       used 13408K, committed 13568K, reserved 1064960K
  class space    used 1577K, committed 1664K, reserved 1048576K
}
Event: 10.973 GC heap after
{Heap after GC invocations=2 (full 0):
 garbage-first heap   total 65536K, used 6238K [0x00000000c1600000, 0x0000000100000000)
  region size 1024K, 2 young (2048K), 2 survivors (2048K)
 Metaspace       used 13408K, committed 13568K, reserved 1064960K
  class space    used 1577K, committed 1664K, reserved 1048576K
}
Event: 15.329 GC heap before
{Heap before GC invocations=2 (full 0):
 garbage-first heap   total 65536K, used 25694K [0x00000000c1600000, 0x0000000100000000)
  region size 1024K, 22 young (22528K), 2 survivors (2048K)
 Metaspace       used 19379K, committed 19584K, reserved 1073152K
  class space    used 2412K, committed 2496K, reserved 1048576K
}
Event: 15.344 GC heap after
{Heap after GC invocations=3 (full 0):
 garbage-first heap   total 65536K, used 8315K [0x00000000c1600000, 0x0000000100000000)
  region size 1024K, 3 young (3072K), 3 survivors (3072K)
 Metaspace       used 19379K, committed 19584K, reserved 1073152K
  class space    used 2412K, committed 2496K, reserved 1048576K
}
Event: 19.876 GC heap before
{Heap before GC invocations=3 (full 0):
 garbage-first heap   total 65536K, used 22651K [0x00000000c1600000, 0x0000000100000000)
  region size 1024K, 18 young (18432K), 3 survivors (3072K)
 Metaspace       used 21341K, committed 21504K, reserved 1073152K
  class space    used 2669K, committed 2752K, reserved 1048576K
}
Event: 19.887 GC heap after
{Heap after GC invocations=4 (full 0):
 garbage-first heap   total 65536K, used 9565K [0x00000000c1600000, 0x0000000100000000)
  region size 1024K, 4 young (4096K), 4 survivors (4096K)
 Metaspace       used 21341K, committed 21504K, reserved 1073152K
  class space    used 2669K, committed 2752K, reserved 1048576K
}
Event: 30.315 GC heap before
{Heap before GC invocations=5 (full 0):
 garbage-first heap   total 37888K, used 26973K [0x00000000c1600000, 0x0000000100000000)
  region size 1024K, 23 young (23552K), 4 survivors (4096K)
 Metaspace       used 24162K, committed 24512K, reserved 1073152K
  class space    used 3103K, committed 3264K, reserved 1048576K
}
Event: 30.334 GC heap after
{Heap after GC invocations=6 (full 0):
 garbage-first heap   total 37888K, used 11884K [0x00000000c1600000, 0x0000000100000000)
  region size 1024K, 4 young (4096K), 4 survivors (4096K)
 Metaspace       used 24162K, committed 24512K, reserved 1073152K
  class space    used 3103K, committed 3264K, reserved 1048576K
}

