# JRE version: OpenJDK Runtime Environment Temurin-17.0.3+7 (17.0.3+7) (build 17.0.3+7)
# Java VM: OpenJDK 64-Bit Server VM Temurin-17.0.3+7 (17.0.3+7, mixed mode, tiered, compressed oops, compressed class ptrs, parallel gc, windows-amd64)
GC Precious Log:
 CPUs: 4 total, 4 available
 Memory: 4007M
 Large Page Support: Disabled
 NUMA Support: Disabled
 Compressed Oops: Enabled (32-bit)
 Alignments: Space 512K, Generation 512K, Heap 2M
 Heap Min Capacity: 100M
 Heap Initial Capacity: 100M
 Heap Max Capacity: 1G
 Pre-touch: Disabled
 Parallel Workers: 4
Heap:
 PSYoungGen      total 23040K, used 11754K [0x00000000eab00000, 0x00000000ec400000, 0x0000000100000000)
  eden space 21504K, 48% used [0x00000000eab00000,0x00000000eb518c68,0x00000000ec000000)
  from space 1536K, 92% used [0x00000000ec100000,0x00000000ec261c20,0x00000000ec280000)
  to   space 1536K, 0% used [0x00000000ec280000,0x00000000ec280000,0x00000000ec400000)
 ParOldGen       total 68608K, used 21053K [0x00000000c0000000, 0x00000000c4300000, 0x00000000eab00000)
  object space 68608K, 30% used [0x00000000c0000000,0x00000000c148f640,0x00000000c4300000)
 Metaspace       used 45207K, committed 46016K, reserved 1097728K
  class space    used 4821K, committed 5184K, reserved 1048576K
GC Heap History (20 events):
Event: 19.903 GC heap before
{Heap before GC invocations=8 (full 1):
 PSYoungGen      total 26624K, used 26474K [0x00000000eab00000, 0x00000000ec900000, 0x0000000100000000)
  eden space 24576K, 100% used [0x00000000eab00000,0x00000000ec300000,0x00000000ec300000)
  from space 2048K, 92% used [0x00000000ec700000,0x00000000ec8daa00,0x00000000ec900000)
  to   space 2560K, 0% used [0x00000000ec400000,0x00000000ec400000,0x00000000ec680000)
 ParOldGen       total 68608K, used 8188K [0x00000000c0000000, 0x00000000c4300000, 0x00000000eab00000)
  object space 68608K, 11% used [0x00000000c0000000,0x00000000c07ff118,0x00000000c4300000)
 Metaspace       used 31149K, committed 31680K, reserved 1081344K
  class space    used 3135K, committed 3392K, reserved 1048576K
}
Event: 19.908 GC heap after
{Heap after GC invocations=8 (full 1):
 PSYoungGen      total 26624K, used 2384K [0x00000000eab00000, 0x00000000ec780000, 0x0000000100000000)
  eden space 24064K, 0% used [0x00000000eab00000,0x00000000eab00000,0x00000000ec280000)
  from space 2560K, 93% used [0x00000000ec400000,0x00000000ec654258,0x00000000ec680000)
  to   space 1024K, 0% used [0x00000000ec680000,0x00000000ec680000,0x00000000ec780000)
 ParOldGen       total 68608K, used 8196K [0x00000000c0000000, 0x00000000c4300000, 0x00000000eab00000)
  object space 68608K, 11% used [0x00000000c0000000,0x00000000c0801118,0x00000000c4300000)
 Metaspace       used 31149K, committed 31680K, reserved 1081344K
  class space    used 3135K, committed 3392K, reserved 1048576K
}
Event: 34.131 GC heap before
{Heap before GC invocations=9 (full 1):
 PSYoungGen      total 26624K, used 26425K [0x00000000eab00000, 0x00000000ec780000, 0x0000000100000000)
  eden space 24064K, 99% used [0x00000000eab00000,0x00000000ec27a318,0x00000000ec280000)
  from space 2560K, 93% used [0x00000000ec400000,0x00000000ec654258,0x00000000ec680000)
  to   space 1024K, 0% used [0x00000000ec680000,0x00000000ec680000,0x00000000ec780000)
 ParOldGen       total 68608K, used 8196K [0x00000000c0000000, 0x00000000c4300000, 0x00000000eab00000)
  object space 68608K, 11% used [0x00000000c0000000,0x00000000c0801118,0x00000000c4300000)
 Metaspace       used 33973K, committed 34624K, reserved 1081344K
  class space    used 3471K, committed 3776K, reserved 1048576K
}
Event: 34.150 GC heap after
{Heap after GC invocations=9 (full 1):
 PSYoungGen      total 24576K, used 993K [0x00000000eab00000, 0x00000000eca00000, 0x0000000100000000)
  eden space 23552K, 0% used [0x00000000eab00000,0x00000000eab00000,0x00000000ec200000)
  from space 1024K, 97% used [0x00000000ec680000,0x00000000ec778778,0x00000000ec780000)
  to   space 4096K, 0% used [0x00000000ec200000,0x00000000ec200000,0x00000000ec600000)
 ParOldGen       total 68608K, used 10828K [0x00000000c0000000, 0x00000000c4300000, 0x00000000eab00000)
  object space 68608K, 15% used [0x00000000c0000000,0x00000000c0a93278,0x00000000c4300000)
 Metaspace       used 33973K, committed 34624K, reserved 1081344K
  class space    used 3471K, committed 3776K, reserved 1048576K
}
Event: 35.330 GC heap before
{Heap before GC invocations=10 (full 1):
 PSYoungGen      total 24576K, used 9255K [0x00000000eab00000, 0x00000000eca00000, 0x0000000100000000)
  eden space 23552K, 35% used [0x00000000eab00000,0x00000000eb3116b8,0x00000000ec200000)
  from space 1024K, 97% used [0x00000000ec680000,0x00000000ec778778,0x00000000ec780000)
  to   space 4096K, 0% used [0x00000000ec200000,0x00000000ec200000,0x00000000ec600000)
 ParOldGen       total 68608K, used 10828K [0x00000000c0000000, 0x00000000c4300000, 0x00000000eab00000)
  object space 68608K, 15% used [0x00000000c0000000,0x00000000c0a93278,0x00000000c4300000)
 Metaspace       used 35326K, committed 35840K, reserved 1081344K
  class space    used 3630K, committed 3840K, reserved 1048576K
}
Event: 35.338 GC heap after
{Heap after GC invocations=10 (full 1):
 PSYoungGen      total 25088K, used 1150K [0x00000000eab00000, 0x00000000ec700000, 0x0000000100000000)
  eden space 23552K, 0% used [0x00000000eab00000,0x00000000eab00000,0x00000000ec200000)
  from space 1536K, 74% used [0x00000000ec200000,0x00000000ec31faa8,0x00000000ec380000)
  to   space 2560K, 0% used [0x00000000ec480000,0x00000000ec480000,0x00000000ec700000)
 ParOldGen       total 68608K, used 11116K [0x00000000c0000000, 0x00000000c4300000, 0x00000000eab00000)
  object space 68608K, 16% used [0x00000000c0000000,0x00000000c0adb288,0x00000000c4300000)
 Metaspace       used 35326K, committed 35840K, reserved 1081344K
  class space    used 3630K, committed 3840K, reserved 1048576K
}
Event: 35.338 GC heap before
{Heap before GC invocations=11 (full 2):
 PSYoungGen      total 25088K, used 1150K [0x00000000eab00000, 0x00000000ec700000, 0x0000000100000000)
  eden space 23552K, 0% used [0x00000000eab00000,0x00000000eab00000,0x00000000ec200000)
  from space 1536K, 74% used [0x00000000ec200000,0x00000000ec31faa8,0x00000000ec380000)
  to   space 2560K, 0% used [0x00000000ec480000,0x00000000ec480000,0x00000000ec700000)
 ParOldGen       total 68608K, used 11116K [0x00000000c0000000, 0x00000000c4300000, 0x00000000eab00000)
  object space 68608K, 16% used [0x00000000c0000000,0x00000000c0adb288,0x00000000c4300000)
 Metaspace       used 35326K, committed 35840K, reserved 1081344K
  class space    used 3630K, committed 3840K, reserved 1048576K
}
Event: 35.419 GC heap after
{Heap after GC invocations=11 (full 2):
 PSYoungGen      total 25088K, used 0K [0x00000000eab00000, 0x00000000ec700000, 0x0000000100000000)
  eden space 23552K, 0% used [0x00000000eab00000,0x00000000eab00000,0x00000000ec200000)
  from space 1536K, 0% used [0x00000000ec200000,0x00000000ec200000,0x00000000ec380000)
  to   space 2560K, 0% used [0x00000000ec480000,0x00000000ec480000,0x00000000ec700000)
 ParOldGen       total 68608K, used 11954K [0x00000000c0000000, 0x00000000c4300000, 0x00000000eab00000)
  object space 68608K, 17% used [0x00000000c0000000,0x00000000c0bac800,0x00000000c4300000)
 Metaspace       used 35326K, committed 35840K, reserved 1081344K
  class space    used 3630K, committed 3840K, reserved 1048576K
}
Event: 41.142 GC heap before
{Heap before GC invocations=12 (full 2):
 PSYoungGen      total 25088K, used 23552K [0x00000000eab00000, 0x00000000ec700000, 0x0000000100000000)
  eden space 23552K, 100% used [0x00000000eab00000,0x00000000ec200000,0x00000000ec200000)
  from space 1536K, 0% used [0x00000000ec200000,0x00000000ec200000,0x00000000ec380000)
  to   space 2560K, 0% used [0x00000000ec480000,0x00000000ec480000,0x00000000ec700000)
 ParOldGen       total 68608K, used 11954K [0x00000000c0000000, 0x00000000c4300000, 0x00000000eab00000)
  object space 68608K, 17% used [0x00000000c0000000,0x00000000c0bac800,0x00000000c4300000)
 Metaspace       used 38590K, committed 39232K, reserved 1089536K
  class space    used 4017K, committed 4288K, reserved 1048576K
}
Event: 41.151 GC heap after
{Heap after GC invocations=12 (full 2):
 PSYoungGen      total 25088K, used 1680K [0x00000000eab00000, 0x00000000ec680000, 0x0000000100000000)
  eden space 23040K, 0% used [0x00000000eab00000,0x00000000eab00000,0x00000000ec180000)
  from space 2048K, 82% used [0x00000000ec480000,0x00000000ec624248,0x00000000ec680000)
  to   space 2048K, 0% used [0x00000000ec280000,0x00000000ec280000,0x00000000ec480000)
 ParOldGen       total 68608K, used 11962K [0x00000000c0000000, 0x00000000c4300000, 0x00000000eab00000)
  object space 68608K, 17% used [0x00000000c0000000,0x00000000c0bae800,0x00000000c4300000)
 Metaspace       used 38590K, committed 39232K, reserved 1089536K
  class space    used 4017K, committed 4288K, reserved 1048576K
}
Event: 45.283 GC heap before
{Heap before GC invocations=13 (full 2):
 PSYoungGen      total 25088K, used 24720K [0x00000000eab00000, 0x00000000ec680000, 0x0000000100000000)
  eden space 23040K, 100% used [0x00000000eab00000,0x00000000ec180000,0x00000000ec180000)
  from space 2048K, 82% used [0x00000000ec480000,0x00000000ec624248,0x00000000ec680000)
  to   space 2048K, 0% used [0x00000000ec280000,0x00000000ec280000,0x00000000ec480000)
 ParOldGen       total 68608K, used 11962K [0x00000000c0000000, 0x00000000c4300000, 0x00000000eab00000)
  object space 68608K, 17% used [0x00000000c0000000,0x00000000c0bae800,0x00000000c4300000)
 Metaspace       used 40583K, committed 41344K, reserved 1089536K
  class space    used 4282K, committed 4608K, reserved 1048576K
}
Event: 45.301 GC heap after
{Heap after GC invocations=13 (full 2):
 PSYoungGen      total 24576K, used 1922K [0x00000000eab00000, 0x00000000ec500000, 0x0000000100000000)
  eden space 22528K, 0% used [0x00000000eab00000,0x00000000eab00000,0x00000000ec100000)
  from space 2048K, 93% used [0x00000000ec280000,0x00000000ec460b28,0x00000000ec480000)
  to   space 512K, 0% used [0x00000000ec480000,0x00000000ec480000,0x00000000ec500000)
 ParOldGen       total 68608K, used 13552K [0x00000000c0000000, 0x00000000c4300000, 0x00000000eab00000)
  object space 68608K, 19% used [0x00000000c0000000,0x00000000c0d3c090,0x00000000c4300000)
 Metaspace       used 40583K, committed 41344K, reserved 1089536K
  class space    used 4282K, committed 4608K, reserved 1048576K
}
Event: 49.607 GC heap before
{Heap before GC invocations=14 (full 2):
 PSYoungGen      total 24576K, used 24450K [0x00000000eab00000, 0x00000000ec500000, 0x0000000100000000)
  eden space 22528K, 100% used [0x00000000eab00000,0x00000000ec100000,0x00000000ec100000)
  from space 2048K, 93% used [0x00000000ec280000,0x00000000ec460b28,0x00000000ec480000)
  to   space 512K, 0% used [0x00000000ec480000,0x00000000ec480000,0x00000000ec500000)
 ParOldGen       total 68608K, used 13552K [0x00000000c0000000, 0x00000000c4300000, 0x00000000eab00000)
  object space 68608K, 19% used [0x00000000c0000000,0x00000000c0d3c090,0x00000000c4300000)
 Metaspace       used 41682K, committed 42368K, reserved 1089536K
  class space    used 4431K, committed 4736K, reserved 1048576K
}
Event: 49.621 GC heap after
{Heap after GC invocations=14 (full 2):
 PSYoungGen      total 22016K, used 500K [0x00000000eab00000, 0x00000000ec980000, 0x0000000100000000)
  eden space 21504K, 0% used [0x00000000eab00000,0x00000000eab00000,0x00000000ec000000)
  from space 512K, 97% used [0x00000000ec480000,0x00000000ec4fd098,0x00000000ec500000)
  to   space 4608K, 0% used [0x00000000ec000000,0x00000000ec000000,0x00000000ec480000)
 ParOldGen       total 68608K, used 16877K [0x00000000c0000000, 0x00000000c4300000, 0x00000000eab00000)
  object space 68608K, 24% used [0x00000000c0000000,0x00000000c107b700,0x00000000c4300000)
 Metaspace       used 41682K, committed 42368K, reserved 1089536K
  class space    used 4431K, committed 4736K, reserved 1048576K
}
Event: 50.966 GC heap before
{Heap before GC invocations=15 (full 2):
 PSYoungGen      total 22016K, used 22004K [0x00000000eab00000, 0x00000000ec980000, 0x0000000100000000)
  eden space 21504K, 100% used [0x00000000eab00000,0x00000000ec000000,0x00000000ec000000)
  from space 512K, 97% used [0x00000000ec480000,0x00000000ec4fd098,0x00000000ec500000)
  to   space 4608K, 0% used [0x00000000ec000000,0x00000000ec000000,0x00000000ec480000)
 ParOldGen       total 68608K, used 16877K [0x00000000c0000000, 0x00000000c4300000, 0x00000000eab00000)
  object space 68608K, 24% used [0x00000000c0000000,0x00000000c107b700,0x00000000c4300000)
 Metaspace       used 42345K, committed 43072K, reserved 1089536K
  class space    used 4514K, committed 4864K, reserved 1048576K
}
Event: 50.973 GC heap after
{Heap after GC invocations=15 (full 2):
 PSYoungGen      total 24064K, used 2048K [0x00000000eab00000, 0x00000000ec600000, 0x0000000100000000)
  eden space 21504K, 0% used [0x00000000eab00000,0x00000000eab00000,0x00000000ec000000)
  from space 2560K, 80% used [0x00000000ec000000,0x00000000ec200010,0x00000000ec280000)
  to   space 3072K, 0% used [0x00000000ec300000,0x00000000ec300000,0x00000000ec600000)
 ParOldGen       total 68608K, used 17327K [0x00000000c0000000, 0x00000000c4300000, 0x00000000eab00000)
  object space 68608K, 25% used [0x00000000c0000000,0x00000000c10ebcf8,0x00000000c4300000)
 Metaspace       used 42345K, committed 43072K, reserved 1089536K
  class space    used 4514K, committed 4864K, reserved 1048576K
}
Event: 55.903 GC heap before
{Heap before GC invocations=16 (full 2):
 PSYoungGen      total 24064K, used 23552K [0x00000000eab00000, 0x00000000ec600000, 0x0000000100000000)
  eden space 21504K, 99% used [0x00000000eab00000,0x00000000ebfffff8,0x00000000ec000000)
  from space 2560K, 80% used [0x00000000ec000000,0x00000000ec200010,0x00000000ec280000)
  to   space 3072K, 0% used [0x00000000ec300000,0x00000000ec300000,0x00000000ec600000)
 ParOldGen       total 68608K, used 17327K [0x00000000c0000000, 0x00000000c4300000, 0x00000000eab00000)
  object space 68608K, 25% used [0x00000000c0000000,0x00000000c10ebcf8,0x00000000c4300000)
 Metaspace       used 44220K, committed 44928K, reserved 1089536K
  class space    used 4732K, committed 5056K, reserved 1048576K
}
Event: 55.917 GC heap after
{Heap after GC invocations=16 (full 2):
 PSYoungGen      total 23552K, used 1848K [0x00000000eab00000, 0x00000000ec500000, 0x0000000100000000)
  eden space 21504K, 0% used [0x00000000eab00000,0x00000000eab00000,0x00000000ec000000)
  from space 2048K, 90% used [0x00000000ec300000,0x00000000ec4ce328,0x00000000ec500000)
  to   space 2048K, 0% used [0x00000000ec100000,0x00000000ec100000,0x00000000ec300000)
 ParOldGen       total 68608K, used 19304K [0x00000000c0000000, 0x00000000c4300000, 0x00000000eab00000)
  object space 68608K, 28% used [0x00000000c0000000,0x00000000c12da3b8,0x00000000c4300000)
 Metaspace       used 44220K, committed 44928K, reserved 1089536K
  class space    used 4732K, committed 5056K, reserved 1048576K
}
Event: 62.866 GC heap before
{Heap before GC invocations=17 (full 2):
 PSYoungGen      total 23552K, used 23352K [0x00000000eab00000, 0x00000000ec500000, 0x0000000100000000)
  eden space 21504K, 100% used [0x00000000eab00000,0x00000000ec000000,0x00000000ec000000)
  from space 2048K, 90% used [0x00000000ec300000,0x00000000ec4ce328,0x00000000ec500000)
  to   space 2048K, 0% used [0x00000000ec100000,0x00000000ec100000,0x00000000ec300000)
 ParOldGen       total 68608K, used 19304K [0x00000000c0000000, 0x00000000c4300000, 0x00000000eab00000)
  object space 68608K, 28% used [0x00000000c0000000,0x00000000c12da3b8,0x00000000c4300000)
 Metaspace       used 45157K, committed 45888K, reserved 1097728K
  class space    used 4817K, committed 5184K, reserved 1048576K
}
Event: 62.881 GC heap after
{Heap after GC invocations=17 (full 2):
 PSYoungGen      total 23040K, used 1415K [0x00000000eab00000, 0x00000000ec400000, 0x0000000100000000)
  eden space 21504K, 0% used [0x00000000eab00000,0x00000000eab00000,0x00000000ec000000)
  from space 1536K, 92% used [0x00000000ec100000,0x00000000ec261c20,0x00000000ec280000)
  to   space 1536K, 0% used [0x00000000ec280000,0x00000000ec280000,0x00000000ec400000)
 ParOldGen       total 68608K, used 21053K [0x00000000c0000000, 0x00000000c4300000, 0x00000000eab00000)
  object space 68608K, 30% used [0x00000000c0000000,0x00000000c148f640,0x00000000c4300000)
 Metaspace       used 45157K, committed 45888K, reserved 1097728K
  class space    used 4817K, committed 5184K, reserved 1048576K
}

