# JRE version: OpenJDK Runtime Environment Temurin-17.0.2+8 (17.0.2+8) (build 17.0.2+8)
# Java VM: OpenJDK 64-Bit Server VM Temurin-17.0.2+8 (17.0.2+8, mixed mode, emulated-client, tiered, compressed oops, compressed class ptrs, g1 gc, windows-amd64)
GC Precious Log:
 CPUs: 4 total, 4 available
 Memory: 4007M
 Large Page Support: Disabled
 NUMA Support: Disabled
 Compressed Oops: Enabled (32-bit)
 Heap Region Size: 1M
 Heap Min Capacity: 8M
 Heap Initial Capacity: 64M
 Heap Max Capacity: 1002M
 Pre-touch: Disabled
 Parallel Workers: 4
 Concurrent Workers: 1
 Concurrent Refinement Workers: 4
 Periodic GC: Disabled
Heap:
 garbage-first heap   total 37888K, used 10316K [0x00000000c1600000, 0x0000000100000000)
  region size 1024K, 1 young (1024K), 0 survivors (0K)
 Metaspace       used 29021K, committed 29248K, reserved 1081344K
  class space    used 3882K, committed 3968K, reserved 1048576K
GC Heap History (20 events):
Event: 9695.454 GC heap before
{Heap before GC invocations=869 (full 862):
 garbage-first heap   total 37888K, used 10316K [0x00000000c1600000, 0x0000000100000000)
  region size 1024K, 1 young (1024K), 0 survivors (0K)
 Metaspace       used 29021K, committed 29248K, reserved 1081344K
  class space    used 3882K, committed 3968K, reserved 1048576K
}
Event: 9695.491 GC heap after
{Heap after GC invocations=870 (full 863):
 garbage-first heap   total 37888K, used 10316K [0x00000000c1600000, 0x0000000100000000)
  region size 1024K, 0 young (0K), 0 survivors (0K)
 Metaspace       used 29021K, committed 29248K, reserved 1081344K
  class space    used 3882K, committed 3968K, reserved 1048576K
}
Event: 9705.804 GC heap before
{Heap before GC invocations=870 (full 863):
 garbage-first heap   total 37888K, used 10316K [0x00000000c1600000, 0x0000000100000000)
  region size 1024K, 1 young (1024K), 0 survivors (0K)
 Metaspace       used 29021K, committed 29248K, reserved 1081344K
  class space    used 3882K, committed 3968K, reserved 1048576K
}
Event: 9705.835 GC heap after
{Heap after GC invocations=871 (full 864):
 garbage-first heap   total 37888K, used 10316K [0x00000000c1600000, 0x0000000100000000)
  region size 1024K, 0 young (0K), 0 survivors (0K)
 Metaspace       used 29021K, committed 29248K, reserved 1081344K
  class space    used 3882K, committed 3968K, reserved 1048576K
}
Event: 9716.177 GC heap before
{Heap before GC invocations=871 (full 864):
 garbage-first heap   total 37888K, used 10316K [0x00000000c1600000, 0x0000000100000000)
  region size 1024K, 1 young (1024K), 0 survivors (0K)
 Metaspace       used 29021K, committed 29248K, reserved 1081344K
  class space    used 3882K, committed 3968K, reserved 1048576K
}
Event: 9716.205 GC heap after
{Heap after GC invocations=872 (full 865):
 garbage-first heap   total 37888K, used 10316K [0x00000000c1600000, 0x0000000100000000)
  region size 1024K, 0 young (0K), 0 survivors (0K)
 Metaspace       used 29021K, committed 29248K, reserved 1081344K
  class space    used 3882K, committed 3968K, reserved 1048576K
}
Event: 9726.623 GC heap before
{Heap before GC invocations=872 (full 865):
 garbage-first heap   total 37888K, used 10316K [0x00000000c1600000, 0x0000000100000000)
  region size 1024K, 1 young (1024K), 0 survivors (0K)
 Metaspace       used 29021K, committed 29248K, reserved 1081344K
  class space    used 3882K, committed 3968K, reserved 1048576K
}
Event: 9726.651 GC heap after
{Heap after GC invocations=873 (full 866):
 garbage-first heap   total 37888K, used 10316K [0x00000000c1600000, 0x0000000100000000)
  region size 1024K, 0 young (0K), 0 survivors (0K)
 Metaspace       used 29021K, committed 29248K, reserved 1081344K
  class space    used 3882K, committed 3968K, reserved 1048576K
}
Event: 9740.740 GC heap before
{Heap before GC invocations=873 (full 866):
 garbage-first heap   total 37888K, used 10316K [0x00000000c1600000, 0x0000000100000000)
  region size 1024K, 1 young (1024K), 0 survivors (0K)
 Metaspace       used 29021K, committed 29248K, reserved 1081344K
  class space    used 3882K, committed 3968K, reserved 1048576K
}
Event: 9740.775 GC heap after
{Heap after GC invocations=874 (full 867):
 garbage-first heap   total 37888K, used 10316K [0x00000000c1600000, 0x0000000100000000)
  region size 1024K, 0 young (0K), 0 survivors (0K)
 Metaspace       used 29021K, committed 29248K, reserved 1081344K
  class space    used 3882K, committed 3968K, reserved 1048576K
}
Event: 9751.118 GC heap before
{Heap before GC invocations=874 (full 867):
 garbage-first heap   total 37888K, used 10316K [0x00000000c1600000, 0x0000000100000000)
  region size 1024K, 1 young (1024K), 0 survivors (0K)
 Metaspace       used 29021K, committed 29248K, reserved 1081344K
  class space    used 3882K, committed 3968K, reserved 1048576K
}
Event: 9751.147 GC heap after
{Heap after GC invocations=875 (full 868):
 garbage-first heap   total 37888K, used 10316K [0x00000000c1600000, 0x0000000100000000)
  region size 1024K, 0 young (0K), 0 survivors (0K)
 Metaspace       used 29021K, committed 29248K, reserved 1081344K
  class space    used 3882K, committed 3968K, reserved 1048576K
}
Event: 9761.615 GC heap before
{Heap before GC invocations=875 (full 868):
 garbage-first heap   total 37888K, used 10316K [0x00000000c1600000, 0x0000000100000000)
  region size 1024K, 1 young (1024K), 0 survivors (0K)
 Metaspace       used 29021K, committed 29248K, reserved 1081344K
  class space    used 3882K, committed 3968K, reserved 1048576K
}
Event: 9761.646 GC heap after
{Heap after GC invocations=876 (full 869):
 garbage-first heap   total 37888K, used 10316K [0x00000000c1600000, 0x0000000100000000)
  region size 1024K, 0 young (0K), 0 survivors (0K)
 Metaspace       used 29021K, committed 29248K, reserved 1081344K
  class space    used 3882K, committed 3968K, reserved 1048576K
}
Event: 9773.836 GC heap before
{Heap before GC invocations=876 (full 869):
 garbage-first heap   total 37888K, used 10316K [0x00000000c1600000, 0x0000000100000000)
  region size 1024K, 1 young (1024K), 0 survivors (0K)
 Metaspace       used 29021K, committed 29248K, reserved 1081344K
  class space    used 3882K, committed 3968K, reserved 1048576K
}
Event: 9773.863 GC heap after
{Heap after GC invocations=877 (full 870):
 garbage-first heap   total 37888K, used 10316K [0x00000000c1600000, 0x0000000100000000)
  region size 1024K, 0 young (0K), 0 survivors (0K)
 Metaspace       used 29021K, committed 29248K, reserved 1081344K
  class space    used 3882K, committed 3968K, reserved 1048576K
}
Event: 9784.655 GC heap before
{Heap before GC invocations=877 (full 870):
 garbage-first heap   total 37888K, used 10316K [0x00000000c1600000, 0x0000000100000000)
  region size 1024K, 1 young (1024K), 0 survivors (0K)
 Metaspace       used 29021K, committed 29248K, reserved 1081344K
  class space    used 3882K, committed 3968K, reserved 1048576K
}
Event: 9784.683 GC heap after
{Heap after GC invocations=878 (full 871):
 garbage-first heap   total 37888K, used 10316K [0x00000000c1600000, 0x0000000100000000)
  region size 1024K, 0 young (0K), 0 survivors (0K)
 Metaspace       used 29021K, committed 29248K, reserved 1081344K
  class space    used 3882K, committed 3968K, reserved 1048576K
}
Event: 9798.354 GC heap before
{Heap before GC invocations=878 (full 871):
 garbage-first heap   total 37888K, used 10316K [0x00000000c1600000, 0x0000000100000000)
  region size 1024K, 1 young (1024K), 0 survivors (0K)
 Metaspace       used 29021K, committed 29248K, reserved 1081344K
  class space    used 3882K, committed 3968K, reserved 1048576K
}
Event: 9798.383 GC heap after
{Heap after GC invocations=879 (full 872):
 garbage-first heap   total 37888K, used 10316K [0x00000000c1600000, 0x0000000100000000)
  region size 1024K, 0 young (0K), 0 survivors (0K)
 Metaspace       used 29021K, committed 29248K, reserved 1081344K
  class space    used 3882K, committed 3968K, reserved 1048576K
}

