# JRE version: Java(TM) SE Runtime Environment (17.0.2+8) (build 17.0.2+8-LTS-86)
# Java VM: Java HotSpot(TM) 64-Bit Server VM (17.0.2+8-LTS-86, mixed mode, sharing, tiered, compressed oops, compressed class ptrs, g1 gc, windows-amd64)
GC Precious Log:
 CPUs: 4 total, 4 available
 Memory: 4007M
 Large Page Support: Disabled
 NUMA Support: Disabled
 Compressed Oops: Enabled (32-bit)
 Heap Region Size: 1M
 Heap Min Capacity: 8M
 Heap Initial Capacity: 64M
 Heap Max Capacity: 1002M
 Pre-touch: Disabled
 Parallel Workers: 4
 Concurrent Workers: 1
 Concurrent Refinement Workers: 4
 Periodic GC: Disabled
Heap:
 garbage-first heap   total 51200K, used 16610K [0x00000000c1600000, 0x0000000100000000)
  region size 1024K, 3 young (3072K), 2 survivors (2048K)
 Metaspace       used 25943K, committed 26240K, reserved 1073152K
  class space    used 3321K, committed 3456K, reserved 1048576K
GC Heap History (16 events):
Event: 4.666 GC heap before
{Heap before GC invocations=0 (full 0):
 garbage-first heap   total 65536K, used 13312K [0x00000000c1600000, 0x0000000100000000)
  region size 1024K, 13 young (13312K), 0 survivors (0K)
 Metaspace       used 1945K, committed 2112K, reserved 1056768K
  class space    used 163K, committed 256K, reserved 1048576K
}
Event: 4.777 GC heap after
{Heap after GC invocations=1 (full 0):
 garbage-first heap   total 65536K, used 7768K [0x00000000c1600000, 0x0000000100000000)
  region size 1024K, 2 young (2048K), 2 survivors (2048K)
 Metaspace       used 1945K, committed 2112K, reserved 1056768K
  class space    used 163K, committed 256K, reserved 1048576K
}
Event: 5.963 GC heap before
{Heap before GC invocations=1 (full 0):
 garbage-first heap   total 65536K, used 12888K [0x00000000c1600000, 0x0000000100000000)
  region size 1024K, 8 young (8192K), 2 survivors (2048K)
 Metaspace       used 3689K, committed 3840K, reserved 1056768K
  class space    used 384K, committed 448K, reserved 1048576K
}
Event: 5.970 GC heap after
{Heap after GC invocations=2 (full 0):
 garbage-first heap   total 65536K, used 8341K [0x00000000c1600000, 0x0000000100000000)
  region size 1024K, 1 young (1024K), 1 survivors (1024K)
 Metaspace       used 3689K, committed 3840K, reserved 1056768K
  class space    used 384K, committed 448K, reserved 1048576K
}
Event: 8.693 GC heap before
{Heap before GC invocations=2 (full 0):
 garbage-first heap   total 65536K, used 27797K [0x00000000c1600000, 0x0000000100000000)
  region size 1024K, 19 young (19456K), 1 survivors (1024K)
 Metaspace       used 6720K, committed 6848K, reserved 1056768K
  class space    used 778K, committed 832K, reserved 1048576K
}
Event: 8.696 GC heap after
{Heap after GC invocations=3 (full 0):
 garbage-first heap   total 65536K, used 9267K [0x00000000c1600000, 0x0000000100000000)
  region size 1024K, 2 young (2048K), 2 survivors (2048K)
 Metaspace       used 6720K, committed 6848K, reserved 1056768K
  class space    used 778K, committed 832K, reserved 1048576K
}
Event: 13.245 GC heap before
{Heap before GC invocations=3 (full 0):
 garbage-first heap   total 65536K, used 38963K [0x00000000c1600000, 0x0000000100000000)
  region size 1024K, 32 young (32768K), 2 survivors (2048K)
 Metaspace       used 13723K, committed 13952K, reserved 1064960K
  class space    used 1806K, committed 1920K, reserved 1048576K
}
Event: 13.257 GC heap after
{Heap after GC invocations=4 (full 0):
 garbage-first heap   total 65536K, used 11175K [0x00000000c1600000, 0x0000000100000000)
  region size 1024K, 4 young (4096K), 4 survivors (4096K)
 Metaspace       used 13723K, committed 13952K, reserved 1064960K
  class space    used 1806K, committed 1920K, reserved 1048576K
}
Event: 17.431 GC heap before
{Heap before GC invocations=4 (full 0):
 garbage-first heap   total 65536K, used 40871K [0x00000000c1600000, 0x0000000100000000)
  region size 1024K, 34 young (34816K), 4 survivors (4096K)
 Metaspace       used 20222K, committed 20544K, reserved 1073152K
  class space    used 2549K, committed 2688K, reserved 1048576K
}
Event: 17.440 GC heap after
{Heap after GC invocations=5 (full 0):
 garbage-first heap   total 65536K, used 13053K [0x00000000c1600000, 0x0000000100000000)
  region size 1024K, 4 young (4096K), 4 survivors (4096K)
 Metaspace       used 20222K, committed 20544K, reserved 1073152K
  class space    used 2549K, committed 2688K, reserved 1048576K
}
Event: 18.408 GC heap before
{Heap before GC invocations=5 (full 0):
 garbage-first heap   total 65536K, used 22269K [0x00000000c1600000, 0x0000000100000000)
  region size 1024K, 15 young (15360K), 4 survivors (4096K)
 Metaspace       used 21203K, committed 21504K, reserved 1073152K
  class space    used 2652K, committed 2816K, reserved 1048576K
}
Event: 18.419 GC heap after
{Heap after GC invocations=6 (full 0):
 garbage-first heap   total 65536K, used 14086K [0x00000000c1600000, 0x0000000100000000)
  region size 1024K, 3 young (3072K), 3 survivors (3072K)
 Metaspace       used 21203K, committed 21504K, reserved 1073152K
  class space    used 2652K, committed 2816K, reserved 1048576K
}
Event: 21.348 GC heap before
{Heap before GC invocations=7 (full 0):
 garbage-first heap   total 51200K, used 40710K [0x00000000c1600000, 0x0000000100000000)
  region size 1024K, 30 young (30720K), 3 survivors (3072K)
 Metaspace       used 23037K, committed 23296K, reserved 1073152K
  class space    used 2894K, committed 3008K, reserved 1048576K
}
Event: 21.356 GC heap after
{Heap after GC invocations=8 (full 0):
 garbage-first heap   total 51200K, used 15230K [0x00000000c1600000, 0x0000000100000000)
  region size 1024K, 3 young (3072K), 3 survivors (3072K)
 Metaspace       used 23037K, committed 23296K, reserved 1073152K
  class space    used 2894K, committed 3008K, reserved 1048576K
}
Event: 21.445 GC heap before
{Heap before GC invocations=8 (full 0):
 garbage-first heap   total 51200K, used 16254K [0x00000000c1600000, 0x0000000100000000)
  region size 1024K, 4 young (4096K), 3 survivors (3072K)
 Metaspace       used 23226K, committed 23552K, reserved 1073152K
  class space    used 2915K, committed 3072K, reserved 1048576K
}
Event: 21.451 GC heap after
{Heap after GC invocations=9 (full 0):
 garbage-first heap   total 51200K, used 15674K [0x00000000c1600000, 0x0000000100000000)
  region size 1024K, 1 young (1024K), 1 survivors (1024K)
 Metaspace       used 23226K, committed 23552K, reserved 1073152K
  class space    used 2915K, committed 3072K, reserved 1048576K
}

