# JRE version: Java(TM) SE Runtime Environment (17.0.2+8) (build 17.0.2+8-LTS-86)
# Java VM: Java HotSpot(TM) 64-Bit Server VM (17.0.2+8-LTS-86, mixed mode, sharing, tiered, compressed oops, compressed class ptrs, g1 gc, windows-amd64)
GC Precious Log:
 CPUs: 4 total, 4 available
 Memory: 4007M
 Large Page Support: Disabled
 NUMA Support: Disabled
 Compressed Oops: Enabled (32-bit)
 Heap Region Size: 1M
 Heap Min Capacity: 8M
 Heap Initial Capacity: 64M
 Heap Max Capacity: 1002M
 Pre-touch: Disabled
 Parallel Workers: 4
 Concurrent Workers: 1
 Concurrent Refinement Workers: 4
 Periodic GC: Disabled
Heap:
 garbage-first heap   total 51200K, used 32424K [0x00000000c1600000, 0x0000000100000000)
  region size 1024K, 18 young (18432K), 3 survivors (3072K)
 Metaspace       used 29420K, committed 29760K, reserved 1081344K
  class space    used 3684K, committed 3840K, reserved 1048576K
GC Heap History (18 events):
Event: 2.443 GC heap before
{Heap before GC invocations=0 (full 0):
 garbage-first heap   total 65536K, used 13312K [0x00000000c1600000, 0x0000000100000000)
  region size 1024K, 13 young (13312K), 0 survivors (0K)
 Metaspace       used 1958K, committed 2112K, reserved 1056768K
  class space    used 161K, committed 256K, reserved 1048576K
}
Event: 2.612 GC heap after
{Heap after GC invocations=1 (full 0):
 garbage-first heap   total 65536K, used 7738K [0x00000000c1600000, 0x0000000100000000)
  region size 1024K, 2 young (2048K), 2 survivors (2048K)
 Metaspace       used 1958K, committed 2112K, reserved 1056768K
  class space    used 161K, committed 256K, reserved 1048576K
}
Event: 3.803 GC heap before
{Heap before GC invocations=1 (full 0):
 garbage-first heap   total 65536K, used 14906K [0x00000000c1600000, 0x0000000100000000)
  region size 1024K, 9 young (9216K), 2 survivors (2048K)
 Metaspace       used 6013K, committed 6144K, reserved 1056768K
  class space    used 639K, committed 704K, reserved 1048576K
}
Event: 3.815 GC heap after
{Heap after GC invocations=2 (full 0):
 garbage-first heap   total 65536K, used 9596K [0x00000000c1600000, 0x0000000100000000)
  region size 1024K, 2 young (2048K), 2 survivors (2048K)
 Metaspace       used 6013K, committed 6144K, reserved 1056768K
  class space    used 639K, committed 704K, reserved 1048576K
}
Event: 6.188 GC heap before
{Heap before GC invocations=2 (full 0):
 garbage-first heap   total 65536K, used 25980K [0x00000000c1600000, 0x0000000100000000)
  region size 1024K, 17 young (17408K), 2 survivors (2048K)
 Metaspace       used 8467K, committed 8704K, reserved 1064960K
  class space    used 946K, committed 1024K, reserved 1048576K
}
Event: 6.193 GC heap after
{Heap after GC invocations=3 (full 0):
 garbage-first heap   total 65536K, used 10256K [0x00000000c1600000, 0x0000000100000000)
  region size 1024K, 1 young (1024K), 1 survivors (1024K)
 Metaspace       used 8467K, committed 8704K, reserved 1064960K
  class space    used 946K, committed 1024K, reserved 1048576K
}
Event: 23.127 GC heap before
{Heap before GC invocations=3 (full 0):
 garbage-first heap   total 65536K, used 36880K [0x00000000c1600000, 0x0000000100000000)
  region size 1024K, 28 young (28672K), 1 survivors (1024K)
 Metaspace       used 14315K, committed 14592K, reserved 1064960K
  class space    used 1764K, committed 1856K, reserved 1048576K
}
Event: 23.133 GC heap after
{Heap after GC invocations=4 (full 0):
 garbage-first heap   total 65536K, used 12020K [0x00000000c1600000, 0x0000000100000000)
  region size 1024K, 3 young (3072K), 3 survivors (3072K)
 Metaspace       used 14315K, committed 14592K, reserved 1064960K
  class space    used 1764K, committed 1856K, reserved 1048576K
}
Event: 29.565 GC heap before
{Heap before GC invocations=4 (full 0):
 garbage-first heap   total 65536K, used 38644K [0x00000000c1600000, 0x0000000100000000)
  region size 1024K, 30 young (30720K), 3 survivors (3072K)
 Metaspace       used 20497K, committed 20800K, reserved 1073152K
  class space    used 2592K, committed 2752K, reserved 1048576K
}
Event: 29.578 GC heap after
{Heap after GC invocations=5 (full 0):
 garbage-first heap   total 65536K, used 13481K [0x00000000c1600000, 0x0000000100000000)
  region size 1024K, 4 young (4096K), 4 survivors (4096K)
 Metaspace       used 20497K, committed 20800K, reserved 1073152K
  class space    used 2592K, committed 2752K, reserved 1048576K
}
Event: 30.674 GC heap before
{Heap before GC invocations=5 (full 0):
 garbage-first heap   total 65536K, used 17577K [0x00000000c1600000, 0x0000000100000000)
  region size 1024K, 9 young (9216K), 4 survivors (4096K)
 Metaspace       used 21255K, committed 21504K, reserved 1073152K
  class space    used 2673K, committed 2816K, reserved 1048576K
}
Event: 30.682 GC heap after
{Heap after GC invocations=6 (full 0):
 garbage-first heap   total 65536K, used 13629K [0x00000000c1600000, 0x0000000100000000)
  region size 1024K, 2 young (2048K), 2 survivors (2048K)
 Metaspace       used 21255K, committed 21504K, reserved 1073152K
  class space    used 2673K, committed 2816K, reserved 1048576K
}
Event: 35.060 GC heap before
{Heap before GC invocations=7 (full 0):
 garbage-first heap   total 51200K, used 41277K [0x00000000c1600000, 0x0000000100000000)
  region size 1024K, 30 young (30720K), 2 survivors (2048K)
 Metaspace       used 24913K, committed 25280K, reserved 1073152K
  class space    used 3093K, committed 3264K, reserved 1048576K
}
Event: 35.070 GC heap after
{Heap after GC invocations=8 (full 0):
 garbage-first heap   total 51200K, used 15606K [0x00000000c1600000, 0x0000000100000000)
  region size 1024K, 4 young (4096K), 4 survivors (4096K)
 Metaspace       used 24913K, committed 25280K, reserved 1073152K
  class space    used 3093K, committed 3264K, reserved 1048576K
}
Event: 44.265 GC heap before
{Heap before GC invocations=8 (full 0):
 garbage-first heap   total 51200K, used 37110K [0x00000000c1600000, 0x0000000100000000)
  region size 1024K, 25 young (25600K), 4 survivors (4096K)
 Metaspace       used 25900K, committed 26240K, reserved 1073152K
  class space    used 3209K, committed 3392K, reserved 1048576K
}
Event: 44.280 GC heap after
{Heap after GC invocations=9 (full 0):
 garbage-first heap   total 51200K, used 17048K [0x00000000c1600000, 0x0000000100000000)
  region size 1024K, 2 young (2048K), 2 survivors (2048K)
 Metaspace       used 25900K, committed 26240K, reserved 1073152K
  class space    used 3209K, committed 3392K, reserved 1048576K
}
Event: 54.323 GC heap before
{Heap before GC invocations=9 (full 0):
 garbage-first heap   total 51200K, used 36504K [0x00000000c1600000, 0x0000000100000000)
  region size 1024K, 22 young (22528K), 2 survivors (2048K)
 Metaspace       used 28004K, committed 28352K, reserved 1081344K
  class space    used 3473K, committed 3648K, reserved 1048576K
}
Event: 54.332 GC heap after
{Heap after GC invocations=10 (full 0):
 garbage-first heap   total 51200K, used 18088K [0x00000000c1600000, 0x0000000100000000)
  region size 1024K, 3 young (3072K), 3 survivors (3072K)
 Metaspace       used 28004K, committed 28352K, reserved 1081344K
  class space    used 3473K, committed 3648K, reserved 1048576K
}

