<?xml version="1.0" encoding="UTF-8"?>
<testsuite xmlns:xsi="http://www.w3.org/2001/XMLSchema-instance" xsi:noNamespaceSchemaLocation="https://maven.apache.org/surefire/maven-surefire-plugin/xsd/surefire-test-report.xsd" name="com.shop.user.UserApplicationTests" time="5.348" tests="4" errors="0" skipped="0" failures="0">
  <properties>
[...]
</properties>
  <testcase name="testUpdateUser" classname="com.shop.user.UserApplicationTests" time="0.24"/>
  <testcase name="testGetByUserName" classname="com.shop.user.UserApplicationTests" time="0.066"/>
  <testcase name="testCreateUser" classname="com.shop.user.UserApplicationTests" time="0.053"/>
  <testcase name="testDeleteUser" classname="com.shop.user.UserApplicationTests" time="0.01"/>
</testsuite>